This is LuaTeX, Version 0.95.0 (TeX Live 2016)  (format=lualatex 2016.5.22)  11 JAN 2018 21:41
 restricted system commands enabled.
**chapter_modeling.tex
(./chapter_modeling.tex
LaTeX2e <2016/03/31>
Babel <3.9r> and hyphenation patterns for 1 language(s) loaded.
! Undefined control sequence.
l.1 \startchapter
               {Modeling}
The control sequence at the end of the top line
of your error message was never \def'ed. If you have
misspelled it (e.g., `\hobx'), type `I' and the correct
spelling (e.g., `I\hbox'). Otherwise just continue,
and I'll forget about whatever was undefined.


! LaTeX Error: Missing \begin{document}.

See the LaTeX manual or LaTeX Companion for explanation.
Type  H <return>  for immediate help.
 ...                                              
                                                  
l.1 \startchapter{M
                 odeling}
You're in trouble here.  Try typing  <return>  to proceed.
If that doesn't work, type  X <return>  to quit.


Overfull \hbox (20.0pt too wide) in paragraph at lines 1--5
[]Modeling
 []


! LaTeX Error: Missing \begin{document}.

See the LaTeX manual or LaTeX Companion for explanation.
Type  H <return>  for immediate help.
 ...                                              
                                                  
l.6 W
   ith this model, it is able to decide how communications being identified ...
You're in trouble here.  Try typing  <return>  to proceed.
If that doesn't work, type  X <return>  to quit.


Overfull \hbox (20.0pt too wide) in paragraph at lines 6--7
[]With
 []

! Undefined control sequence.
l.8 \section
          {Communication of Two Programs}\label{definition}
The control sequence at the end of the top line
of your error message was never \def'ed. If you have
misspelled it (e.g., `\hobx'), type `I' and the correct
spelling (e.g., `I\hbox'). Otherwise just continue,
and I'll forget about whatever was undefined.


! LaTeX Error: Missing \begin{document}.

See the LaTeX manual or LaTeX Companion for explanation.
Type  H <return>  for immediate help.
 ...                                              
                                                  
l.8 \section{C
            ommunication of Two Programs}\label{definition}
You're in trouble here.  Try typing  <return>  to proceed.
If that doesn't work, type  X <return>  to quit.


Overfull \hbox (20.0pt too wide) in paragraph at lines 8--10
[]Communication
 []

! Undefined control sequence.
l.11 \subsection
              {Terminology}\label{term}
The control sequence at the end of the top line
of your error message was never \def'ed. If you have
misspelled it (e.g., `\hobx'), type `I' and the correct
spelling (e.g., `I\hbox'). Otherwise just continue,
and I'll forget about whatever was undefined.


! LaTeX Error: Missing \begin{document}.

See the LaTeX manual or LaTeX Companion for explanation.
Type  H <return>  for immediate help.
 ...                                              
                                                  
l.11 \subsection{T
                erminology}\label{term}
You're in trouble here.  Try typing  <return>  to proceed.
If that doesn't work, type  X <return>  to quit.


Overfull \hbox (20.0pt too wide) in paragraph at lines 11--34
[]Terminology[]
 []


Overfull \hbox (24.16653pt too wide) in paragraph at lines 11--34
\OT1/cmr/bx/n/10 End-
 []


Overfull \hbox (29.38873pt too wide) in paragraph at lines 11--34
\OT1/cmr/bx/n/10 point: 
 []


Overfull \hbox (44.72197pt too wide) in paragraph at lines 11--34
\OT1/cmr/bx/n/10 Channel: 
 []


Overfull \hbox (41.52754pt too wide) in paragraph at lines 11--34
\OT1/cmr/bx/n/10 Channel
 []


Overfull \hbox (24.11794pt too wide) in paragraph at lines 11--34
\OT1/cmr/bx/n/10 open
 []


Overfull \hbox (30.02763pt too wide) in paragraph at lines 11--34
\OT1/cmr/bx/n/10 event: 
 []


Overfull \hbox (41.52754pt too wide) in paragraph at lines 11--34
\OT1/cmr/bx/n/10 Channel
 []


Overfull \hbox (23.86237pt too wide) in paragraph at lines 11--34
\OT1/cmr/bx/n/10 close
 []


Overfull \hbox (30.02763pt too wide) in paragraph at lines 11--34
\OT1/cmr/bx/n/10 event: 
 []


Overfull \hbox (24.43738pt too wide) in paragraph at lines 11--34
\OT1/cmr/bx/n/10 Send
 []


Overfull \hbox (30.02763pt too wide) in paragraph at lines 11--34
\OT1/cmr/bx/n/10 event: 
 []


Overfull \hbox (38.49287pt too wide) in paragraph at lines 11--34
\OT1/cmr/bx/n/10 Receive
 []


Overfull \hbox (30.02763pt too wide) in paragraph at lines 11--34
\OT1/cmr/bx/n/10 event: 
 []


Overfull \hbox (41.52754pt too wide) in paragraph at lines 11--34
\OT1/cmr/bx/n/10 Channel
 []


Overfull \hbox (24.11794pt too wide) in paragraph at lines 11--34
\OT1/cmr/bx/n/10 open
 []


Overfull \hbox (37.38312pt too wide) in paragraph at lines 11--34
\OT1/cmr/bx/n/10 stream: 
 []


Overfull \hbox (41.52754pt too wide) in paragraph at lines 11--34
\OT1/cmr/bx/n/10 Channel
 []


Overfull \hbox (23.86237pt too wide) in paragraph at lines 11--34
\OT1/cmr/bx/n/10 close
 []


Overfull \hbox (37.38312pt too wide) in paragraph at lines 11--34
\OT1/cmr/bx/n/10 stream: 
 []


Overfull \hbox (24.43738pt too wide) in paragraph at lines 11--34
\OT1/cmr/bx/n/10 Send
 []


Overfull \hbox (37.38312pt too wide) in paragraph at lines 11--34
\OT1/cmr/bx/n/10 stream: 
 []


Overfull \hbox (38.49287pt too wide) in paragraph at lines 11--34
\OT1/cmr/bx/n/10 Receive
 []


Overfull \hbox (37.38312pt too wide) in paragraph at lines 11--34
\OT1/cmr/bx/n/10 stream: 
 []


Overfull \hbox (39.2359pt too wide) in paragraph at lines 11--34
\OT1/cmr/bx/n/10 Stream: 
 []

! Undefined control sequence.
l.36 \subsection
              {Definition}
The control sequence at the end of the top line
of your error message was never \def'ed. If you have
misspelled it (e.g., `\hobx'), type `I' and the correct
spelling (e.g., `I\hbox'). Otherwise just continue,
and I'll forget about whatever was undefined.


! LaTeX Error: Missing \begin{document}.

See the LaTeX manual or LaTeX Companion for explanation.
Type  H <return>  for immediate help.
 ...                                              
                                                  
l.36 \subsection{D
                efinition}
You're in trouble here.  Try typing  <return>  to proceed.
If that doesn't work, type  X <return>  to quit.

! Undefined control sequence.
<write> ...ference `communicationhappen' on page \thepage 
                                                  \space undefined\on@line .
l.37 ... be found in Figure\ref{communicationhappen}
                                                  . The event numbers in thi...
The control sequence at the end of the top line
of your error message was never \def'ed. If you have
misspelled it (e.g., `\hobx'), type `I' and the correct
spelling (e.g., `I\hbox'). Otherwise just continue,
and I'll forget about whatever was undefined.


LaTeX Warning: Reference `communicationhappen' on page  undefined on input line 
37.


Overfull \hbox (20.0pt too wide) in paragraph at lines 36--38
[]Definition
 []


Overfull \hbox (10.86105pt too wide) in paragraph at lines 36--38
Figure[].
 []


! LaTeX Error: Environment figure undefined.

See the LaTeX manual or LaTeX Companion for explanation.
Type  H <return>  for immediate help.
 ...                                              
                                                  
l.39 \begin{figure}
                 [H]
Your command was ignored.
Type  I <command> <return>  to replace it with another command,
or  <return>  to continue without it.


! LaTeX Error: Missing \begin{document}.

See the LaTeX manual or LaTeX Companion for explanation.
Type  H <return>  for immediate help.
 ...                                              
                                                  
l.39 \begin{figure}[
                  H]
You're in trouble here.  Try typing  <return>  to proceed.
If that doesn't work, type  X <return>  to quit.

! Undefined control sequence.
<argument> \includegraphics 
                 [scale=0.55]{Figures/communicationdefinition}
l.40 ...cale=0.55]{Figures/communicationdefinition}}
                                                  
The control sequence at the end of the top line
of your error message was never \def'ed. If you have
misspelled it (e.g., `\hobx'), type `I' and the correct
spelling (e.g., `I\hbox'). Otherwise just continue,
and I'll forget about whatever was undefined.


! LaTeX Error: \caption outside float.

See the LaTeX manual or LaTeX Companion for explanation.
Type  H <return>  for immediate help.
 ...                                              
                                                  
l.41  \caption
            {General Communication Model}
You're in trouble here.  Try typing  <return>  to proceed.
If that doesn't work, type  X <return>  to quit.


! LaTeX Error: \begin{document} ended by \end{figure}.

See the LaTeX manual or LaTeX Companion for explanation.
Type  H <return>  for immediate help.
 ...                                              
                                                  
l.43 \end{figure}
               
Your command was ignored.
Type  I <command> <return>  to replace it with another command,
or  <return>  to continue without it.


Overfull \hbox (20.0pt too wide) in paragraph at lines 39--44
[][H]
 []

! Undefined control sequence.
l.46 \section
           {Communication Categorization and Communication Methods}
The control sequence at the end of the top line
of your error message was never \def'ed. If you have
misspelled it (e.g., `\hobx'), type `I' and the correct
spelling (e.g., `I\hbox'). Otherwise just continue,
and I'll forget about whatever was undefined.


! LaTeX Error: Missing \begin{document}.

See the LaTeX manual or LaTeX Companion for explanation.
Type  H <return>  for immediate help.
 ...                                              
                                                  
l.46 \section{C
             ommunication Categorization and Communication Methods}
You're in trouble here.  Try typing  <return>  to proceed.
If that doesn't work, type  X <return>  to quit.

! Undefined control sequence.
<write> ...ference `methodsInCategories' on page \thepage 
                                                  \space undefined\on@line .
l.47 ...thods list in Table\ref{methodsInCategories}
                                                   will be discussed further...
The control sequence at the end of the top line
of your error message was never \def'ed. If you have
misspelled it (e.g., `\hobx'), type `I' and the correct
spelling (e.g., `I\hbox'). Otherwise just continue,
and I'll forget about whatever was undefined.


LaTeX Warning: Reference `methodsInCategories' on page  undefined on input line 
47.


! LaTeX Error: Environment table undefined.

See the LaTeX manual or LaTeX Companion for explanation.
Type  H <return>  for immediate help.
 ...                                              
                                                  
l.48 \begin{table}
                [H]
Your command was ignored.
Type  I <command> <return>  to replace it with another command,
or  <return>  to continue without it.


! LaTeX Error: \caption outside float.

See the LaTeX manual or LaTeX Companion for explanation.
Type  H <return>  for immediate help.
 ...                                              
                                                  
l.50 \caption
           {Communication Methods Discussed in This Work}
You're in trouble here.  Try typing  <return>  to proceed.
If that doesn't work, type  X <return>  to quit.

LaTeX Font Info:    External font `cmex10' loaded for size
(Font)              <7> on input line 52.
LaTeX Font Info:    External font `cmex10' loaded for size
(Font)              <5> on input line 52.

! LaTeX Error: \begin{document} ended by \end{table}.

See the LaTeX manual or LaTeX Companion for explanation.
Type  H <return>  for immediate help.
 ...                                              
                                                  
l.60 \end{table}
              
Your command was ignored.
Type  I <command> <return>  to replace it with another command,
or  <return>  to continue without it.


Overfull \hbox (20.0pt too wide) in paragraph at lines 46--61
[]Communication
 []


Overfull \hbox (10.86105pt too wide) in paragraph at lines 46--61
Table[]
 []


Overfull \hbox (259.23471pt too wide) in paragraph at lines 46--61
[]
 []

! Undefined control sequence.
l.63 \subsection
              {Reliable Communication}\label{reliable}
The control sequence at the end of the top line
of your error message was never \def'ed. If you have
misspelled it (e.g., `\hobx'), type `I' and the correct
spelling (e.g., `I\hbox'). Otherwise just continue,
and I'll forget about whatever was undefined.


! LaTeX Error: Missing \begin{document}.

See the LaTeX manual or LaTeX Companion for explanation.
Type  H <return>  for immediate help.
 ...                                              
                                                  
l.63 \subsection{R
                eliable Communication}\label{reliable}
You're in trouble here.  Try typing  <return>  to proceed.
If that doesn't work, type  X <return>  to quit.


Overfull \hbox (20.0pt too wide) in paragraph at lines 63--65
[]Reliable
 []

! Undefined control sequence.
l.66 \subsection
              {Unreliable Communication}\label{unreliable}
The control sequence at the end of the top line
of your error message was never \def'ed. If you have
misspelled it (e.g., `\hobx'), type `I' and the correct
spelling (e.g., `I\hbox'). Otherwise just continue,
and I'll forget about whatever was undefined.


! LaTeX Error: Missing \begin{document}.

See the LaTeX manual or LaTeX Companion for explanation.
Type  H <return>  for immediate help.
 ...                                              
                                                  
l.66 \subsection{U
                nreliable Communication}\label{unreliable}
You're in trouble here.  Try typing  <return>  to proceed.
If that doesn't work, type  X <return>  to quit.


Overfull \hbox (20.0pt too wide) in paragraph at lines 66--68
[]Unreliable
 []

! Undefined control sequence.
l.69 \subsection
              {Communication Methods}
The control sequence at the end of the top line
of your error message was never \def'ed. If you have
misspelled it (e.g., `\hobx'), type `I' and the correct
spelling (e.g., `I\hbox'). Otherwise just continue,
and I'll forget about whatever was undefined.


! LaTeX Error: Missing \begin{document}.

See the LaTeX manual or LaTeX Companion for explanation.
Type  H <return>  for immediate help.
 ...                                              
                                                  
l.69 \subsection{C
                ommunication Methods}
You're in trouble here.  Try typing  <return>  to proceed.
If that doesn't work, type  X <return>  to quit.

! Undefined control sequence.
<write> ...ference `methodsInCategories' on page \thepage 
                                                  \space undefined\on@line .
l.70 ...ion method in Table\ref{methodsInCategories}
                                                   briefly. Moreover, data t...
The control sequence at the end of the top line
of your error message was never \def'ed. If you have
misspelled it (e.g., `\hobx'), type `I' and the correct
spelling (e.g., `I\hbox'). Otherwise just continue,
and I'll forget about whatever was undefined.


LaTeX Warning: Reference `methodsInCategories' on page  undefined on input line 
70.


Overfull \hbox (20.0pt too wide) in paragraph at lines 69--71
[]Communication
 []


Overfull \hbox (10.86105pt too wide) in paragraph at lines 69--71
Table[]
 []

! Undefined control sequence.
l.72 \subsubsection
                 {Named Pipe}
The control sequence at the end of the top line
of your error message was never \def'ed. If you have
misspelled it (e.g., `\hobx'), type `I' and the correct
spelling (e.g., `I\hbox'). Otherwise just continue,
and I'll forget about whatever was undefined.


! LaTeX Error: Missing \begin{document}.

See the LaTeX manual or LaTeX Companion for explanation.
Type  H <return>  for immediate help.
 ...                                              
                                                  
l.72 \subsubsection{N
                   amed Pipe}
You're in trouble here.  Try typing  <return>  to proceed.
If that doesn't work, type  X <return>  to quit.


Overfull \hbox (20.0pt too wide) in paragraph at lines 72--74
[]Named
 []


! LaTeX Error: Missing \begin{document}.

See the LaTeX manual or LaTeX Companion for explanation.
Type  H <return>  for immediate help.
 ...                                              
                                                  
l.75 T
    he basic data transfer characteristics of Named Pipe are:
You're in trouble here.  Try typing  <return>  to proceed.
If that doesn't work, type  X <return>  to quit.


Overfull \hbox (20.0pt too wide) in paragraph at lines 75--76
[]The
 []

! Undefined control sequence.
<write> ...arning: Reference `namedpipe' on page \thepage 
                                                  \space undefined\on@line .
l.83 ...e can be summarized in Figure\ref{namedpipe}
                                                  .
The control sequence at the end of the top line
of your error message was never \def'ed. If you have
misspelled it (e.g., `\hobx'), type `I' and the correct
spelling (e.g., `I\hbox'). Otherwise just continue,
and I'll forget about whatever was undefined.


LaTeX Warning: Reference `namedpipe' on page  undefined on input line 83.


! LaTeX Error: Environment figure undefined.

See the LaTeX manual or LaTeX Companion for explanation.
Type  H <return>  for immediate help.
 ...                                              
                                                  
l.84 \begin{figure}
                 [H]
Your command was ignored.
Type  I <command> <return>  to replace it with another command,
or  <return>  to continue without it.

! Undefined control sequence.
<argument> \includegraphics 
                 [scale=0.48]{Figures/namedpipe}
l.85 ...ludegraphics[scale=0.48]{Figures/namedpipe}}
                                                  
The control sequence at the end of the top line
of your error message was never \def'ed. If you have
misspelled it (e.g., `\hobx'), type `I' and the correct
spelling (e.g., `I\hbox'). Otherwise just continue,
and I'll forget about whatever was undefined.


! LaTeX Error: \caption outside float.

See the LaTeX manual or LaTeX Companion for explanation.
Type  H <return>  for immediate help.
 ...                                              
                                                  
l.86 \caption
           {Data Transfer Scenarios for Named Pipe}
You're in trouble here.  Try typing  <return>  to proceed.
If that doesn't work, type  X <return>  to quit.


! LaTeX Error: \begin{document} ended by \end{figure}.

See the LaTeX manual or LaTeX Companion for explanation.
Type  H <return>  for immediate help.
 ...                                              
                                                  
l.88 \end{figure}
               
Your command was ignored.
Type  I <command> <return>  to replace it with another command,
or  <return>  to continue without it.


Overfull \hbox (20.0pt too wide) in paragraph at lines 83--89
[]Based
 []


Overfull \hbox (10.86105pt too wide) in paragraph at lines 83--89
Figure[].
 []

! Undefined control sequence.
l.90 \subsubsection
                 {Message Queue}
The control sequence at the end of the top line
of your error message was never \def'ed. If you have
misspelled it (e.g., `\hobx'), type `I' and the correct
spelling (e.g., `I\hbox'). Otherwise just continue,
and I'll forget about whatever was undefined.

\citation{redkar2004pro}
! Undefined control sequence.
<write> ... Warning: Citation `\@citeb ' on page \thepage 
                                                  \space undefined\on@line .
l.91 ...messages from one queue.\cite{redkar2004pro}
                                                   The applications are the ...
The control sequence at the end of the top line
of your error message was never \def'ed. If you have
misspelled it (e.g., `\hobx'), type `I' and the correct
spelling (e.g., `I\hbox'). Otherwise just continue,
and I'll forget about whatever was undefined.


LaTeX Warning: Citation `redkar2004pro' on page  undefined on input line 91.


Overfull \hbox (20.0pt too wide) in paragraph at lines 90--92
[]Message
 []


Overfull \hbox (5.43053pt too wide) in paragraph at lines 90--92
queue.[[]]
 []


Overfull \hbox (20.0pt too wide) in paragraph at lines 93--94
[]The
 []

! Undefined control sequence.
<write> 
LaTeX Warning: Reference `msmq' on page \thepage 
                                                  \space undefined\on@line .
l.100 ...Queue can be summarized in Figure\ref{msmq}
                                                  .
The control sequence at the end of the top line
of your error message was never \def'ed. If you have
misspelled it (e.g., `\hobx'), type `I' and the correct
spelling (e.g., `I\hbox'). Otherwise just continue,
and I'll forget about whatever was undefined.


LaTeX Warning: Reference `msmq' on page  undefined on input line 100.


! LaTeX Error: Environment figure undefined.

See the LaTeX manual or LaTeX Companion for explanation.
Type  H <return>  for immediate help.
 ...                                              
                                                  
l.101 \begin{figure}
                  [H]
Your command was ignored.
Type  I <command> <return>  to replace it with another command,
or  <return>  to continue without it.

! Undefined control sequence.
<argument> \includegraphics 
                 [scale=0.48]{Figures/msmq}
l.102 ...\includegraphics[scale=0.48]{Figures/msmq}}
                                                  
The control sequence at the end of the top line
of your error message was never \def'ed. If you have
misspelled it (e.g., `\hobx'), type `I' and the correct
spelling (e.g., `I\hbox'). Otherwise just continue,
and I'll forget about whatever was undefined.


! LaTeX Error: \caption outside float.

See the LaTeX manual or LaTeX Companion for explanation.
Type  H <return>  for immediate help.
 ...                                              
                                                  
l.103 \caption
            {Data Transfer Scenarios for Message Queue}
You're in trouble here.  Try typing  <return>  to proceed.
If that doesn't work, type  X <return>  to quit.


! LaTeX Error: \begin{document} ended by \end{figure}.

See the LaTeX manual or LaTeX Companion for explanation.
Type  H <return>  for immediate help.
 ...                                              
                                                  
l.105 \end{figure}
                
Your command was ignored.
Type  I <command> <return>  to replace it with another command,
or  <return>  to continue without it.


Overfull \hbox (10.86105pt too wide) in paragraph at lines 100--106
Figure[].
 []

! Undefined control sequence.
l.107 \subsubsection
                  {TCP}
The control sequence at the end of the top line
of your error message was never \def'ed. If you have
misspelled it (e.g., `\hobx'), type `I' and the correct
spelling (e.g., `I\hbox'). Otherwise just continue,
and I'll forget about whatever was undefined.


Overfull \hbox (20.0pt too wide) in paragraph at lines 107--109
[]TCP
 []


Overfull \hbox (20.0pt too wide) in paragraph at lines 110--111
[]The
 []

! Undefined control sequence.
<write> 
LaTeX Warning: Reference `tcp' on page \thepage 
                                                 \space undefined\on@line .
l.118 ...of TCP can be summarized in Figure\ref{tcp}
                                                  .
The control sequence at the end of the top line
of your error message was never \def'ed. If you have
misspelled it (e.g., `\hobx'), type `I' and the correct
spelling (e.g., `I\hbox'). Otherwise just continue,
and I'll forget about whatever was undefined.


LaTeX Warning: Reference `tcp' on page  undefined on input line 118.


! LaTeX Error: Environment figure undefined.

See the LaTeX manual or LaTeX Companion for explanation.
Type  H <return>  for immediate help.
 ...                                              
                                                  
l.119 \begin{figure}
                  [H]
Your command was ignored.
Type  I <command> <return>  to replace it with another command,
or  <return>  to continue without it.

! Undefined control sequence.
<argument> \includegraphics 
                 [scale=0.48]{Figures/tcp}
l.120 ...{\includegraphics[scale=0.48]{Figures/tcp}}
                                                  
The control sequence at the end of the top line
of your error message was never \def'ed. If you have
misspelled it (e.g., `\hobx'), type `I' and the correct
spelling (e.g., `I\hbox'). Otherwise just continue,
and I'll forget about whatever was undefined.


! LaTeX Error: \caption outside float.

See the LaTeX manual or LaTeX Companion for explanation.
Type  H <return>  for immediate help.
 ...                                              
                                                  
l.121  \caption
             {Data Transfer Scenarios for TCP}
You're in trouble here.  Try typing  <return>  to proceed.
If that doesn't work, type  X <return>  to quit.


! LaTeX Error: \begin{document} ended by \end{figure}.

See the LaTeX manual or LaTeX Companion for explanation.
Type  H <return>  for immediate help.
 ...                                              
                                                  
l.123 \end{figure}
                
Your command was ignored.
Type  I <command> <return>  to replace it with another command,
or  <return>  to continue without it.


Overfull \hbox (20.0pt too wide) in paragraph at lines 118--124
[]Based
 []


Overfull \hbox (10.86105pt too wide) in paragraph at lines 118--124
Figure[].
 []

! Undefined control sequence.
l.125 \subsubsection
                  {UDP}
The control sequence at the end of the top line
of your error message was never \def'ed. If you have
misspelled it (e.g., `\hobx'), type `I' and the correct
spelling (e.g., `I\hbox'). Otherwise just continue,
and I'll forget about whatever was undefined.


Overfull \hbox (20.0pt too wide) in paragraph at lines 125--127
[]UDP
 []


Overfull \hbox (20.0pt too wide) in paragraph at lines 128--129
[]The
 []

! Undefined control sequence.
<write> 
LaTeX Warning: Reference `upd' on page \thepage 
                                                 \space undefined\on@line .
l.136 ...of UDP can be summarized in Figure\ref{upd}
                                                  .
The control sequence at the end of the top line
of your error message was never \def'ed. If you have
misspelled it (e.g., `\hobx'), type `I' and the correct
spelling (e.g., `I\hbox'). Otherwise just continue,
and I'll forget about whatever was undefined.


LaTeX Warning: Reference `upd' on page  undefined on input line 136.


! LaTeX Error: Environment figure undefined.

See the LaTeX manual or LaTeX Companion for explanation.
Type  H <return>  for immediate help.
 ...                                              
                                                  
l.137 \begin{figure}
                  [H]
Your command was ignored.
Type  I <command> <return>  to replace it with another command,
or  <return>  to continue without it.

! Undefined control sequence.
<argument> \includegraphics 
                 [scale=0.48]{Figures/udp}
l.138 ...{\includegraphics[scale=0.48]{Figures/udp}}
                                                  
The control sequence at the end of the top line
of your error message was never \def'ed. If you have
misspelled it (e.g., `\hobx'), type `I' and the correct
spelling (e.g., `I\hbox'). Otherwise just continue,
and I'll forget about whatever was undefined.


! LaTeX Error: \caption outside float.

See the LaTeX manual or LaTeX Companion for explanation.
Type  H <return>  for immediate help.
 ...                                              
                                                  
l.139  \caption
             {Data Transfer Scenarios for UDP}
You're in trouble here.  Try typing  <return>  to proceed.
If that doesn't work, type  X <return>  to quit.


! LaTeX Error: \begin{document} ended by \end{figure}.

See the LaTeX manual or LaTeX Companion for explanation.
Type  H <return>  for immediate help.
 ...                                              
                                                  
l.141 \end{figure}
                
Your command was ignored.
Type  I <command> <return>  to replace it with another command,
or  <return>  to continue without it.


Overfull \hbox (20.0pt too wide) in paragraph at lines 136--142
[]Based
 []


Overfull \hbox (10.86105pt too wide) in paragraph at lines 136--142
Figure[].
 []

)
! Emergency stop.
<*> chapter_modeling.tex
                     
*** (job aborted, no legal \end found)



Here is how much of LuaTeX's memory you used:
 37 strings out of 495119
 100000,89155 words of node,token memory allocated 64690 words of node memory still in use:
   203 hlist, 1 vlist, 15 rule, 14 disc, 38 local_par, 1 dir, 2 math, 1892 glue,
 29 kern, 147 penalty, 8041 glyph, 32 glue_spec, 11 write nodes
   avail lists: 2:14,4:167,5:9,7:25,8:1,10:166
 3690 multiletter control sequences out of 65536+600000
 26 fonts using 1087199 bytes
 19i,7n,21p,959b,160s stack positions out of 5000i,500n,10000p,200000b,100000s
!  ==> Fatal error occurred, no output PDF file produced!
