This is pdfTeX, Version 3.14159265-2.6-1.40.17 (TeX Live 2016) (preloaded format=pdflatex 2016.5.22)  23 AUG 2017 22:59
entering extended mode
 restricted \write18 enabled.
 %&-line parsing enabled.
**mainthesisUVIC.tex
(./mainthesisUVIC.tex
LaTeX2e <2016/03/31>
Babel <3.9r> and hyphenation patterns for 83 language(s) loaded.
(/usr/local/texlive/2016/texmf-dist/tex/latex/base/book.cls
Document Class: book 2014/09/29 v1.4h Standard LaTeX document class
(/usr/local/texlive/2016/texmf-dist/tex/latex/base/bk12.clo
File: bk12.clo 2014/09/29 v1.4h Standard LaTeX file (size option)
)
\c@part=\count79
\c@chapter=\count80
\c@section=\count81
\c@subsection=\count82
\c@subsubsection=\count83
\c@paragraph=\count84
\c@subparagraph=\count85
\c@figure=\count86
\c@table=\count87
\abovecaptionskip=\skip41
\belowcaptionskip=\skip42
\bibindent=\dimen102
)
\@input{macros/style.aux}
\openout2 = `macros/style.aux'.

(./macros/style.tex
(/usr/local/texlive/2016/texmf-dist/tex/latex/geometry/geometry.sty
Package: geometry 2010/09/12 v5.6 Page Geometry

(/usr/local/texlive/2016/texmf-dist/tex/latex/graphics/keyval.sty
Package: keyval 2014/10/28 v1.15 key=value parser (DPC)
\KV@toks@=\toks14
)
(/usr/local/texlive/2016/texmf-dist/tex/generic/oberdiek/ifpdf.sty
Package: ifpdf 2016/05/14 v3.1 Provides the ifpdf switch
)
(/usr/local/texlive/2016/texmf-dist/tex/generic/oberdiek/ifvtex.sty
Package: ifvtex 2016/05/16 v1.6 Detect VTeX and its facilities (HO)
Package ifvtex Info: VTeX not detected.
)
(/usr/local/texlive/2016/texmf-dist/tex/generic/ifxetex/ifxetex.sty
Package: ifxetex 2010/09/12 v0.6 Provides ifxetex conditional
)
\Gm@cnth=\count88
\Gm@cntv=\count89
\c@Gm@tempcnt=\count90
\Gm@bindingoffset=\dimen103
\Gm@wd@mp=\dimen104
\Gm@odd@mp=\dimen105
\Gm@even@mp=\dimen106
\Gm@layoutwidth=\dimen107
\Gm@layoutheight=\dimen108
\Gm@layouthoffset=\dimen109
\Gm@layoutvoffset=\dimen110
\Gm@dimlist=\toks15
)
(/usr/local/texlive/2016/texmf-dist/tex/latex/setspace/setspace.sty
Package: setspace 2011/12/19 v6.7a set line spacing
)
(/usr/local/texlive/2016/texmf-dist/tex/latex/fancyhdr/fancyhdr.sty
\fancy@headwidth=\skip43
\f@ncyO@elh=\skip44
\f@ncyO@erh=\skip45
\f@ncyO@olh=\skip46
\f@ncyO@orh=\skip47
\f@ncyO@elf=\skip48
\f@ncyO@erf=\skip49
\f@ncyO@olf=\skip50
\f@ncyO@orf=\skip51
)
(/usr/local/texlive/2016/texmf-dist/tex/latex/tocloft/tocloft.sty
Package: tocloft 2013/05/02 v2.3f parameterised ToC, etc., typesetting
Package tocloft Info: The document has chapter divisions on input line 44.
\cftparskip=\skip52
\cftbeforetoctitleskip=\skip53
\cftaftertoctitleskip=\skip54
\cftbeforepartskip=\skip55
\cftpartnumwidth=\skip56
\cftpartindent=\skip57
\cftbeforechapskip=\skip58
\cftchapindent=\skip59
\cftchapnumwidth=\skip60
\cftbeforesecskip=\skip61
\cftsecindent=\skip62
\cftsecnumwidth=\skip63
\cftbeforesubsecskip=\skip64
\cftsubsecindent=\skip65
\cftsubsecnumwidth=\skip66
\cftbeforesubsubsecskip=\skip67
\cftsubsubsecindent=\skip68
\cftsubsubsecnumwidth=\skip69
\cftbeforeparaskip=\skip70
\cftparaindent=\skip71
\cftparanumwidth=\skip72
\cftbeforesubparaskip=\skip73
\cftsubparaindent=\skip74
\cftsubparanumwidth=\skip75
\cftbeforeloftitleskip=\skip76
\cftafterloftitleskip=\skip77
\cftbeforefigskip=\skip78
\cftfigindent=\skip79
\cftfignumwidth=\skip80
\c@lofdepth=\count91
\c@lotdepth=\count92
\cftbeforelottitleskip=\skip81
\cftafterlottitleskip=\skip82
\cftbeforetabskip=\skip83
\cfttabindent=\skip84
\cfttabnumwidth=\skip85
))
\@input{macros/use_packages.aux}
\openout2 = `macros/use_packages.aux'.

(./macros/use_packages.tex
(/usr/local/texlive/2016/texmf-dist/tex/latex/tools/dcolumn.sty
Package: dcolumn 2014/10/28 v1.06 decimal alignment package (DPC)

(/usr/local/texlive/2016/texmf-dist/tex/latex/tools/array.sty
Package: array 2014/10/28 v2.4c Tabular extension package (FMi)
\col@sep=\dimen111
\extrarowheight=\dimen112
\NC@list=\toks16
\extratabsurround=\skip86
\backup@length=\skip87
))
(/usr/local/texlive/2016/texmf-dist/tex/latex/tools/longtable.sty
Package: longtable 2014/10/28 v4.11 Multi-page Table package (DPC)
\LTleft=\skip88
\LTright=\skip89
\LTpre=\skip90
\LTpost=\skip91
\LTchunksize=\count93
\LTcapwidth=\dimen113
\LT@head=\box26
\LT@firsthead=\box27
\LT@foot=\box28
\LT@lastfoot=\box29
\LT@cols=\count94
\LT@rows=\count95
\c@LT@tables=\count96
\c@LT@chunks=\count97
\LT@p@ftn=\toks17
)
(/usr/local/texlive/2016/texmf-dist/tex/latex/tools/multicol.sty
Package: multicol 2016/04/07 v1.8p multicolumn formatting (FMi)
\c@tracingmulticols=\count98
\mult@box=\box30
\multicol@leftmargin=\dimen114
\c@unbalance=\count99
\c@collectmore=\count100
\doublecol@number=\count101
\multicoltolerance=\count102
\multicolpretolerance=\count103
\full@width=\dimen115
\page@free=\dimen116
\premulticols=\dimen117
\postmulticols=\dimen118
\multicolsep=\skip92
\multicolbaselineskip=\skip93
\partial@page=\box31
\last@line=\box32
\maxbalancingoverflow=\dimen119
\mult@rightbox=\box33
\mult@grightbox=\box34
\mult@gfirstbox=\box35
\mult@firstbox=\box36
\@tempa=\box37
\@tempa=\box38
\@tempa=\box39
\@tempa=\box40
\@tempa=\box41
\@tempa=\box42
\@tempa=\box43
\@tempa=\box44
\@tempa=\box45
\@tempa=\box46
\@tempa=\box47
\@tempa=\box48
\@tempa=\box49
\@tempa=\box50
\@tempa=\box51
\@tempa=\box52
\@tempa=\box53
\c@columnbadness=\count104
\c@finalcolumnbadness=\count105
\last@try=\dimen120
\multicolovershoot=\dimen121
\multicolundershoot=\dimen122
\mult@nat@firstbox=\box54
\colbreak@box=\box55
\mc@col@check@num=\count106
)
(/usr/local/texlive/2016/texmf-dist/tex/latex/multirow/multirow.sty
\bigstrutjot=\dimen123
)
(/usr/local/texlive/2016/texmf-dist/tex/latex/amsmath/amsmath.sty
Package: amsmath 2016/03/10 v2.15b AMS math features
\@mathmargin=\skip94

For additional information on amsmath, use the `?' option.
(/usr/local/texlive/2016/texmf-dist/tex/latex/amsmath/amstext.sty
Package: amstext 2000/06/29 v2.01 AMS text

(/usr/local/texlive/2016/texmf-dist/tex/latex/amsmath/amsgen.sty
File: amsgen.sty 1999/11/30 v2.0 generic functions
\@emptytoks=\toks18
\ex@=\dimen124
))
(/usr/local/texlive/2016/texmf-dist/tex/latex/amsmath/amsbsy.sty
Package: amsbsy 1999/11/29 v1.2d Bold Symbols
\pmbraise@=\dimen125
)
(/usr/local/texlive/2016/texmf-dist/tex/latex/amsmath/amsopn.sty
Package: amsopn 2016/03/08 v2.02 operator names
)
\inf@bad=\count107
LaTeX Info: Redefining \frac on input line 199.
\uproot@=\count108
\leftroot@=\count109
LaTeX Info: Redefining \overline on input line 297.
\classnum@=\count110
\DOTSCASE@=\count111
LaTeX Info: Redefining \ldots on input line 394.
LaTeX Info: Redefining \dots on input line 397.
LaTeX Info: Redefining \cdots on input line 518.
\Mathstrutbox@=\box56
\strutbox@=\box57
\big@size=\dimen126
LaTeX Font Info:    Redeclaring font encoding OML on input line 634.
LaTeX Font Info:    Redeclaring font encoding OMS on input line 635.
\macc@depth=\count112
\c@MaxMatrixCols=\count113
\dotsspace@=\muskip10
\c@parentequation=\count114
\dspbrk@lvl=\count115
\tag@help=\toks19
\row@=\count116
\column@=\count117
\maxfields@=\count118
\andhelp@=\toks20
\eqnshift@=\dimen127
\alignsep@=\dimen128
\tagshift@=\dimen129
\tagwidth@=\dimen130
\totwidth@=\dimen131
\lineht@=\dimen132
\@envbody=\toks21
\multlinegap=\skip95
\multlinetaggap=\skip96
\mathdisplay@stack=\toks22
LaTeX Info: Redefining \[ on input line 2739.
LaTeX Info: Redefining \] on input line 2740.
)
(/usr/local/texlive/2016/texmf-dist/tex/latex/amscls/amsthm.sty
Package: amsthm 2015/03/04 v2.20.2
\thm@style=\toks23
\thm@bodyfont=\toks24
\thm@headfont=\toks25
\thm@notefont=\toks26
\thm@headpunct=\toks27
\thm@preskip=\skip97
\thm@postskip=\skip98
\thm@headsep=\skip99
\dth@everypar=\toks28
)
(/usr/local/texlive/2016/texmf-dist/tex/latex/amsfonts/amssymb.sty
Package: amssymb 2013/01/14 v3.01 AMS font symbols

(/usr/local/texlive/2016/texmf-dist/tex/latex/amsfonts/amsfonts.sty
Package: amsfonts 2013/01/14 v3.01 Basic AMSFonts support
\symAMSa=\mathgroup4
\symAMSb=\mathgroup5
LaTeX Font Info:    Overwriting math alphabet `\mathfrak' in version `bold'
(Font)                  U/euf/m/n --> U/euf/b/n on input line 106.
))
(/usr/local/texlive/2016/texmf-dist/tex/latex/tools/xspace.sty
Package: xspace 2014/10/28 v1.13 Space after command names (DPC,MH)
)
(/usr/local/texlive/2016/texmf-dist/tex/latex/textcase/textcase.sty
Package: textcase 2004/10/07 v0.07 Text only upper/lower case changing (DPC)
)
(/usr/local/texlive/2016/texmf-dist/tex/latex/wasysym/wasysym.sty
Package: wasysym 2003/10/30 v2.0 Wasy-2 symbol support package
\symwasy=\mathgroup6
LaTeX Font Info:    Overwriting symbol font `wasy' in version `bold'
(Font)                  U/wasy/m/n --> U/wasy/b/n on input line 90.
)
(/usr/local/texlive/2016/texmf-dist/tex/latex/graphics/graphics.sty
Package: graphics 2016/05/09 v1.0r Standard LaTeX Graphics (DPC,SPQR)

(/usr/local/texlive/2016/texmf-dist/tex/latex/graphics/trig.sty
Package: trig 2016/01/03 v1.10 sin cos tan (DPC)
)
(/usr/local/texlive/2016/texmf-dist/tex/latex/graphics-cfg/graphics.cfg
File: graphics.cfg 2016/01/02 v1.10 sample graphics configuration
)
Package graphics Info: Driver file: pdftex.def on input line 96.

(/usr/local/texlive/2016/texmf-dist/tex/latex/pdftex-def/pdftex.def
File: pdftex.def 2011/05/27 v0.06d Graphics/color for pdfTeX

(/usr/local/texlive/2016/texmf-dist/tex/generic/oberdiek/infwarerr.sty
Package: infwarerr 2016/05/16 v1.4 Providing info/warning/error messages (HO)
)
(/usr/local/texlive/2016/texmf-dist/tex/generic/oberdiek/ltxcmds.sty
Package: ltxcmds 2016/05/16 v1.23 LaTeX kernel commands for general use (HO)
)
\Gread@gobject=\count119
))
(/usr/local/texlive/2016/texmf-dist/tex/latex/graphics/graphicx.sty
Package: graphicx 2014/10/28 v1.0g Enhanced LaTeX Graphics (DPC,SPQR)
\Gin@req@height=\dimen133
\Gin@req@width=\dimen134
)
(/usr/local/texlive/2016/texmf-dist/tex/latex/listings/listings.sty
\lst@mode=\count120
\lst@gtempboxa=\box58
\lst@token=\toks29
\lst@length=\count121
\lst@currlwidth=\dimen135
\lst@column=\count122
\lst@pos=\count123
\lst@lostspace=\dimen136
\lst@width=\dimen137
\lst@newlines=\count124
\lst@lineno=\count125
\lst@maxwidth=\dimen138

(/usr/local/texlive/2016/texmf-dist/tex/latex/listings/lstmisc.sty
File: lstmisc.sty 2015/06/04 1.6 (Carsten Heinz)
\c@lstnumber=\count126
\lst@skipnumbers=\count127
\lst@framebox=\box59
)
(/usr/local/texlive/2016/texmf-dist/tex/latex/listings/listings.cfg
File: listings.cfg 2015/06/04 1.6 listings configuration
))
Package: listings 2015/06/04 1.6 (Carsten Heinz)
)
(/usr/local/texlive/2016/texmf-dist/tex/latex/float/float.sty
Package: float 2001/11/08 v1.3d Float enhancements (AL)
\c@float@type=\count128
\float@exts=\toks30
\float@box=\box60
\@float@everytoks=\toks31
\@floatcapt=\box61
)
(./mainthesisUVIC.aux (./chapters/1/chapter_intro.aux)
(./chapters/2/chapter_methodology.aux) (./chapters/3/chapter_background.aux)
(./chapters/4/chapter_modeling.aux

LaTeX Warning: Label `event' multiply defined.

) (./chapters/5/chapter_new.aux) (./chapters/6/chapter_experiments.aux

LaTeX Warning: Label `occclientresult' multiply defined.

) (./chapters/7/chapter_evaluation.aux) (./chapters/8/chapter_conclusion.aux)
(./chapters/appendix/chapter_app.aux))
\openout1 = `mainthesisUVIC.aux'.

LaTeX Font Info:    Checking defaults for OML/cmm/m/it on input line 5.
LaTeX Font Info:    ... okay on input line 5.
LaTeX Font Info:    Checking defaults for T1/cmr/m/n on input line 5.
LaTeX Font Info:    ... okay on input line 5.
LaTeX Font Info:    Checking defaults for OT1/cmr/m/n on input line 5.
LaTeX Font Info:    ... okay on input line 5.
LaTeX Font Info:    Checking defaults for OMS/cmsy/m/n on input line 5.
LaTeX Font Info:    ... okay on input line 5.
LaTeX Font Info:    Checking defaults for OMX/cmex/m/n on input line 5.
LaTeX Font Info:    ... okay on input line 5.
LaTeX Font Info:    Checking defaults for U/cmr/m/n on input line 5.
LaTeX Font Info:    ... okay on input line 5.

*geometry* driver: auto-detecting
*geometry* detected driver: pdftex
*geometry* verbose mode - [ preamble ] result:
* driver: pdftex
* paper: <default>
* layout: <same size as paper>
* layoutoffset:(h,v)=(0.0pt,0.0pt)
* modes: 
* h-part:(L,W,R)=(108.405pt, 433.62001pt, 72.26999pt)
* v-part:(T,H,B)=(93.95122pt, 628.74878pt, 72.26999pt)
* \paperwidth=614.295pt
* \paperheight=794.96999pt
* \textwidth=433.62001pt
* \textheight=628.74878pt
* \oddsidemargin=36.13501pt
* \evensidemargin=36.13501pt
* \topmargin=-26.45377pt
* \headheight=12.0pt
* \headsep=36.135pt
* \topskip=12.0pt
* \footskip=30.0pt
* \marginparwidth=47.0pt
* \marginparsep=7.0pt
* \columnsep=10.0pt
* \skip\footins=10.8pt plus 4.0pt minus 2.0pt
* \hoffset=0.0pt
* \voffset=0.0pt
* \mag=1000
* \@twocolumnfalse
* \@twosidefalse
* \@mparswitchfalse
* \@reversemarginfalse
* (1in=72.27pt=25.4mm, 1cm=28.453pt)

(/usr/local/texlive/2016/texmf-dist/tex/context/base/mkii/supp-pdf.mkii
[Loading MPS to PDF converter (version 2006.09.02).]
\scratchcounter=\count129
\scratchdimen=\dimen139
\scratchbox=\box62
\nofMPsegments=\count130
\nofMParguments=\count131
\everyMPshowfont=\toks32
\MPscratchCnt=\count132
\MPscratchDim=\dimen140
\MPnumerator=\count133
\makeMPintoPDFobject=\count134
\everyMPtoPDFconversion=\toks33
) (/usr/local/texlive/2016/texmf-dist/tex/generic/oberdiek/pdftexcmds.sty
Package: pdftexcmds 2016/05/10 v0.21 Utility functions of pdfTeX for LuaTeX (HO
)

(/usr/local/texlive/2016/texmf-dist/tex/generic/oberdiek/ifluatex.sty
Package: ifluatex 2016/05/16 v1.4 Provides the ifluatex switch (HO)
Package ifluatex Info: LuaTeX not detected.
)
Package pdftexcmds Info: LuaTeX not detected.
Package pdftexcmds Info: \pdf@primitive is available.
Package pdftexcmds Info: \pdf@ifprimitive is available.
Package pdftexcmds Info: \pdfdraftmode found.
)
(/usr/local/texlive/2016/texmf-dist/tex/latex/oberdiek/epstopdf-base.sty
Package: epstopdf-base 2016/05/15 v2.6 Base part for package epstopdf

(/usr/local/texlive/2016/texmf-dist/tex/latex/oberdiek/grfext.sty
Package: grfext 2016/05/16 v1.2 Manage graphics extensions (HO)

(/usr/local/texlive/2016/texmf-dist/tex/generic/oberdiek/kvdefinekeys.sty
Package: kvdefinekeys 2016/05/16 v1.4 Define keys (HO)
))
(/usr/local/texlive/2016/texmf-dist/tex/latex/oberdiek/kvoptions.sty
Package: kvoptions 2016/05/16 v3.12 Key value format for package options (HO)

(/usr/local/texlive/2016/texmf-dist/tex/generic/oberdiek/kvsetkeys.sty
Package: kvsetkeys 2016/05/16 v1.17 Key value parser (HO)

(/usr/local/texlive/2016/texmf-dist/tex/generic/oberdiek/etexcmds.sty
Package: etexcmds 2016/05/16 v1.6 Avoid name clashes with e-TeX commands (HO)
Package etexcmds Info: Could not find \expanded.
(etexcmds)             That can mean that you are not using pdfTeX 1.50 or
(etexcmds)             that some package has redefined \expanded.
(etexcmds)             In the latter case, load this package earlier.
)))
Package grfext Info: Graphics extension search list:
(grfext)             [.png,.pdf,.jpg,.mps,.jpeg,.jbig2,.jb2,.PNG,.PDF,.JPG,.JPE
G,.JBIG2,.JB2,.eps]
(grfext)             \AppendGraphicsExtensions on input line 456.

(/usr/local/texlive/2016/texmf-dist/tex/latex/latexconfig/epstopdf-sys.cfg
File: epstopdf-sys.cfg 2010/07/13 v1.3 Configuration of (r)epstopdf for TeX Liv
e
))
\c@lstlisting=\count135

(./frontmatter/fm.tex (./frontmatter/tp.tex
LaTeX Font Info:    Try loading font information for U+msa on input line 18.

(/usr/local/texlive/2016/texmf-dist/tex/latex/amsfonts/umsa.fd
File: umsa.fd 2013/01/14 v3.01 AMS symbols A
)
LaTeX Font Info:    Try loading font information for U+msb on input line 18.

(/usr/local/texlive/2016/texmf-dist/tex/latex/amsfonts/umsb.fd
File: umsb.fd 2013/01/14 v3.01 AMS symbols B
)
LaTeX Font Info:    Try loading font information for U+wasy on input line 18.

(/usr/local/texlive/2016/texmf-dist/tex/latex/wasysym/uwasy.fd
File: uwasy.fd 2003/10/30 v2.0 Wasy-2 symbol font definitions
)
LaTeX Font Info:    Try loading font information for OMS+cmr on input line 19.

(/usr/local/texlive/2016/texmf-dist/tex/latex/base/omscmr.fd
File: omscmr.fd 2014/09/29 v2.5h Standard LaTeX font definitions
)
LaTeX Font Info:    Font shape `OMS/cmr/m/n' in size <12> not available
(Font)              Font shape `OMS/cmsy/m/n' tried instead on input line 19.
)
(./frontmatter/sc.tex [1





{/usr/local/texlive/2016/texmf-var/fonts/map/pdftex/updmap/pdftex.map}]
Underfull \hbox (badness 10000) in paragraph at lines 16--19

 []

) [2] (./frontmatter/abs.tex
Underfull \hbox (badness 10000) in paragraph at lines 4--7

 []

) [3] (./mainthesisUVIC.toc

Package Fancyhdr Warning: \headheight is too small (12.0pt): 
 Make it at least 14.49998pt.
 We now make it that large for the rest of the document.
 This may cause the page layout to be inconsistent, however.

[4])
\tf@toc=\write3
\openout3 = `mainthesisUVIC.toc'.

 [5] [6] (./mainthesisUVIC.lot
Overfull \hbox (5.35631pt too wide) in paragraph at lines 5--5
 [][] []\OT1/cmr/m/n/12 Functions for com-mu-ni-ca-tion type def-i-ni-tion of s
yn-chronous named 
 []

)
\tf@lot=\write4
\openout4 = `mainthesisUVIC.lot'.

 [7] (./mainthesisUVIC.lof)
\tf@lof=\write5
\openout5 = `mainthesisUVIC.lof'.

 (./frontmatter/ack.tex [8]) (./frontmatter/ded.tex [9]) [10])
\openout2 = `chapters/1/chapter_intro.aux'.

 (./chapters/1/chapter_intro.tex
Chapter 1.
) [1


]
\openout2 = `chapters/2/chapter_methodology.aux'.

 (./chapters/2/chapter_methodology.tex
Chapter 2.
\savedunitlength=\skip100
[2



] [3]) [4]
\openout2 = `chapters/3/chapter_background.aux'.

 (./chapters/3/chapter_background.tex
Chapter 3.
[5



]

LaTeX Warning: Reference `brueningqz' on page 6 undefined on input line 13.


LaTeX Warning: Citation `PhysRevE.68.046116' on page 6 undefined on input line 
15.

[6] [7]) [8]
\openout2 = `chapters/4/chapter_modeling.aux'.

 (./chapters/4/chapter_modeling.tex
Chapter 4.

LaTeX Warning: Reference `communicationhappen' on page 9 undefined on input lin
e 8.

<Figures/communicationhappen.png, id=63, 342.27875pt x 662.475pt>
File: Figures/communicationhappen.png Graphic file (type png)

<use Figures/communicationhappen.png>
Package pdftex.def Info: Figures/communicationhappen.png used on input line 10.

(pdftex.def)             Requested size: 171.13895pt x 331.2367pt.


LaTeX Warning: `h' float specifier changed to `ht'.

[9



] [10 <./Figures/communicationhappen.png>]
<Figures/event.png, id=73, 895.345pt x 362.35374pt>
File: Figures/event.png Graphic file (type png)
 <use Figures/event.png>
Package pdftex.def Info: Figures/event.png used on input line 33.
(pdftex.def)             Requested size: 429.76073pt x 173.92781pt.


LaTeX Warning: `h' float specifier changed to `ht'.

[11]
Overfull \hbox (2.08383pt too wide) in paragraph at lines 42--43
\OT1/cmr/m/n/12 Syn-chronous mode, the Read-File, Write-File Trac-n-s-act-Named
-Pipe and con-nect-Named-
 []

[12 <./Figures/event.png>]
Underfull \hbox (badness 10000) in paragraph at lines 64--64
[]\OT1/cmr/bx/n/12 Channel
 []


Overfull \hbox (2.95346pt too wide) in paragraph at lines 65--65
[]\OT1/cmr/m/n/12 CreateNamed-
 []


Underfull \hbox (badness 10000) in paragraph at lines 69--69
[]\OT1/cmr/bx/n/12 Message
 []


Underfull \hbox (badness 10000) in paragraph at lines 76--76
[]\OT1/cmr/bx/n/12 Message
 []


Overfull \hbox (37.33553pt too wide) in paragraph at lines 56--84
 [][] 
 []


LaTeX Warning: `h' float specifier changed to `ht'.


Underfull \hbox (badness 10000) in paragraph at lines 99--99
[]\OT1/cmr/bx/n/12 Channel
 []


Overfull \hbox (2.95346pt too wide) in paragraph at lines 100--100
[]\OT1/cmr/m/n/12 CreateNamed-
 []


Underfull \hbox (badness 10000) in paragraph at lines 104--104
[]\OT1/cmr/bx/n/12 Message
 []


Underfull \hbox (badness 10000) in paragraph at lines 112--112
[]\OT1/cmr/bx/n/12 Message
 []


Underfull \hbox (badness 10000) in paragraph at lines 119--119
[]\OT1/cmr/bx/n/12 Status
 []


Underfull \hbox (badness 10000) in paragraph at lines 120--120
[]\OT1/cmr/m/n/12 GetOver-
 []


Underfull \hbox (badness 10000) in paragraph at lines 120--120
[]\OT1/cmr/m/n/12 GetOver-
 []


Overfull \hbox (55.10545pt too wide) in paragraph at lines 91--125
 [][] 
 []

[13]

LaTeX Warning: `h' float specifier changed to `ht'.

) [14] [15]
\openout2 = `chapters/5/chapter_new.aux'.

 (./chapters/5/chapter_new.tex
Chapter 5.
[16



] <Figures/functionsview.png, id=94, 377.91188pt x 299.61937pt>
File: Figures/functionsview.png Graphic file (type png)

<use Figures/functionsview.png>
Package pdftex.def Info: Figures/functionsview.png used on input line 13.
(pdftex.def)             Requested size: 377.91095pt x 299.61864pt.


LaTeX Warning: `h' float specifier changed to `ht'.

<Figures/dialog.png, id=95, 404.26031pt x 326.72063pt>
File: Figures/dialog.png Graphic file (type png)

<use Figures/dialog.png>
Package pdftex.def Info: Figures/dialog.png used on input line 19.
(pdftex.def)             Requested size: 404.25932pt x 326.71982pt.


LaTeX Warning: `h' float specifier changed to `ht'.

LaTeX Font Info:    Try loading font information for OML+cmr on input line 27.
(/usr/local/texlive/2016/texmf-dist/tex/latex/base/omlcmr.fd
File: omlcmr.fd 2014/09/29 v2.5h Standard LaTeX font definitions
)
LaTeX Font Info:    Font shape `OML/cmr/m/n' in size <12> not available
(Font)              Font shape `OML/cmm/m/it' tried instead on input line 27.

Overfull \hbox (10.52922pt too wide) in paragraph at lines 33--34
[][][][][][][][][][] 
 []


Overfull \hbox (10.52922pt too wide) in paragraph at lines 36--37
[][][][][][][][][][] 
 []

[17]
Overfull \hbox (10.52922pt too wide) in paragraph at lines 40--41
[][][][][][][][][][] 
 []


Overfull \hbox (10.52922pt too wide) in paragraph at lines 43--44
[][][][][][][][][][] 
 []


Overfull \hbox (10.52922pt too wide) in paragraph at lines 47--48
[][][][][][][][][][] 
 []


Overfull \hbox (10.52922pt too wide) in paragraph at lines 53--54
[][][][][][][][][][] 
 []

[18 <./Figures/functionsview.png>] [19 <./Figures/dialog.png>]
<Figures/CommunicationTypeview.png, id=107, 483.30562pt x 214.55156pt>
File: Figures/CommunicationTypeview.png Graphic file (type png)

<use Figures/CommunicationTypeview.png>
Package pdftex.def Info: Figures/CommunicationTypeview.png used on input line 6
9.
(pdftex.def)             Requested size: 434.97104pt x 193.0946pt.

Overfull \hbox (1.35103pt too wide) in paragraph at lines 69--70
[][] 
 []

<Figures/searchresult.png, id=108, 486.31688pt x 168.63pt>
File: Figures/searchresult.png Graphic file (type png)

<use Figures/searchresult.png>
Package pdftex.def Info: Figures/searchresult.png used on input line 75.
(pdftex.def)             Requested size: 437.68114pt x 151.76558pt.

Overfull \hbox (4.06113pt too wide) in paragraph at lines 75--76
[][] 
 []

[20 <./Figures/CommunicationTypeview.png> <./Figures/searchresult.png>]
[21]) [22]
\openout2 = `chapters/6/chapter_experiments.aux'.

 (./chapters/6/chapter_experiments.tex
Chapter 6.
[23



] <Figures/addcomtyperesult.png, id=122, 580.41844pt x 193.47281pt>
File: Figures/addcomtyperesult.png Graphic file (type png)

<use Figures/addcomtyperesult.png>
Package pdftex.def Info: Figures/addcomtyperesult.png used on input line 16.
(pdftex.def)             Requested size: 417.90096pt x 139.30031pt.

<Figures/occclientresult.png, id=123, 189.70876pt x 40.65187pt>
File: Figures/occclientresult.png Graphic file (type png)

<use Figures/occclientresult.png>
Package pdftex.def Info: Figures/occclientresult.png used on input line 22.
(pdftex.def)             Requested size: 189.70828pt x 40.65176pt.
File: Figures/occclientresult.png Graphic file (type png)
 <use Figures/occclientresult.png>
Package pdftex.def Info: Figures/occclientresult.png used on input line 29.
(pdftex.def)             Requested size: 189.70828pt x 40.65176pt.

<Figures/send.png, id=124, 641.39626pt x 458.46281pt>
File: Figures/send.png Graphic file (type png)
 <use Figures/send.png>
Package pdftex.def Info: Figures/send.png used on input line 35.
(pdftex.def)             Requested size: 423.32283pt x 302.58638pt.
)
[24 <./Figures/addcomtyperesult.png> <./Figures/occclientresult.png>] [25 <./Fi
gures/send.png>]
\openout2 = `chapters/7/chapter_evaluation.aux'.

 (./chapters/7/chapter_evaluation.tex
Chapter 7.
) [26



]
\openout2 = `chapters/8/chapter_conclusion.aux'.

 (./chapters/8/chapter_conclusion.tex
Chapter 8.
[27



]) [28]
\openout2 = `chapters/appendix/chapter_app.aux'.

 (./chapters/appendix/chapter_app.tex
Appendix A.
) [29



] (./mainthesisUVIC.bbl
Missing character: There is no Ã in font cmr12!
Missing character: There is no ‚ in font cmr12!
Missing character: There is no Â in font cmr12!
Missing character: There is no ® in font cmr12!
) [30


] (./mainthesisUVIC.aux
(./chapters/1/chapter_intro.aux) (./chapters/2/chapter_methodology.aux)
(./chapters/3/chapter_background.aux) (./chapters/4/chapter_modeling.aux)
(./chapters/5/chapter_new.aux) (./chapters/6/chapter_experiments.aux)
(./chapters/7/chapter_evaluation.aux) (./chapters/8/chapter_conclusion.aux)
(./chapters/appendix/chapter_app.aux))

LaTeX Warning: There were undefined references.


LaTeX Warning: There were multiply-defined labels.

 ) 
Here is how much of TeX's memory you used:
 5341 strings out of 493014
 75724 string characters out of 6133351
 163024 words of memory out of 5000000
 8656 multiletter control sequences out of 15000+600000
 11749 words of font info for 44 fonts, out of 8000000 for 9000
 1141 hyphenation exceptions out of 8191
 38i,12n,45p,1578b,1396s stack positions out of 5000i,500n,10000p,200000b,80000s
</usr/local/texlive/2016/texmf-dist/fonts/type1/public/amsfonts/cm/cmbx12.pfb
></usr/local/texlive/2016/texmf-dist/fonts/type1/public/amsfonts/cm/cmmi12.pfb>
</usr/local/texlive/2016/texmf-dist/fonts/type1/public/amsfonts/cm/cmr12.pfb></
usr/local/texlive/2016/texmf-dist/fonts/type1/public/amsfonts/cm/cmsy10.pfb></u
sr/local/texlive/2016/texmf-dist/fonts/type1/public/amsfonts/cm/cmti12.pfb>
Output written on mainthesisUVIC.pdf (40 pages, 263071 bytes).
PDF statistics:
 168 PDF objects out of 1000 (max. 8388607)
 107 compressed objects within 2 object streams
 0 named destinations out of 1000 (max. 500000)
 46 words of extra memory for PDF output out of 10000 (max. 10000000)

