This is pdfTeX, Version 3.14159265-2.6-1.40.17 (MiKTeX 2.9 64-bit) (preloaded format=pdflatex 2016.8.9)  22 MAY 2018 11:21
entering extended mode
**./diff.tex
(diff.tex
LaTeX2e <2016/03/31> patch level 1
Babel <3.9r> and hyphenation patterns for 75 language(s) loaded.
("C:\Program Files\MiKTeX 2.9\tex\latex\base\book.cls"
Document Class: book 2014/09/29 v1.4h Standard LaTeX document class
("C:\Program Files\MiKTeX 2.9\tex\latex\base\bk12.clo"
File: bk12.clo 2014/09/29 v1.4h Standard LaTeX file (size option)
)
\c@part=\count79
\c@chapter=\count80
\c@section=\count81
\c@subsection=\count82
\c@subsubsection=\count83
\c@paragraph=\count84
\c@subparagraph=\count85
\c@figure=\count86
\c@table=\count87
\abovecaptionskip=\skip41
\belowcaptionskip=\skip42
\bibindent=\dimen102
)
("C:\Program Files\MiKTeX 2.9\tex\latex\geometry\geometry.sty"
Package: geometry 2010/09/12 v5.6 Page Geometry

("C:\Program Files\MiKTeX 2.9\tex\latex\graphics\keyval.sty"
Package: keyval 2014/10/28 v1.15 key=value parser (DPC)
\KV@toks@=\toks14
)
("C:\Program Files\MiKTeX 2.9\tex\generic\oberdiek\ifpdf.sty"
Package: ifpdf 2016/05/14 v3.1 Provides the ifpdf switch
)
("C:\Program Files\MiKTeX 2.9\tex\generic\oberdiek\ifvtex.sty"
Package: ifvtex 2016/05/16 v1.6 Detect VTeX and its facilities (HO)
Package ifvtex Info: VTeX not detected.
)
("C:\Program Files\MiKTeX 2.9\tex\generic\ifxetex\ifxetex.sty"
Package: ifxetex 2010/09/12 v0.6 Provides ifxetex conditional
)
\Gm@cnth=\count88
\Gm@cntv=\count89
\c@Gm@tempcnt=\count90
\Gm@bindingoffset=\dimen103
\Gm@wd@mp=\dimen104
\Gm@odd@mp=\dimen105
\Gm@even@mp=\dimen106
\Gm@layoutwidth=\dimen107
\Gm@layoutheight=\dimen108
\Gm@layouthoffset=\dimen109
\Gm@layoutvoffset=\dimen110
\Gm@dimlist=\toks15

("C:\Program Files\MiKTeX 2.9\tex\latex\geometry\geometry.cfg"))
(C:\Users\norah\AppData\Roaming\MiKTeX\2.9\tex\latex\setspace\setspace.sty
Package: setspace 2011/12/19 v6.7a set line spacing
)
("C:\Program Files\MiKTeX 2.9\tex\latex\fancyhdr\fancyhdr.sty"
Package: fancyhdr 2016/09/06 3.8 Extensive control of page headers and footers
\fancy@headwidth=\skip43
\f@ncyO@elh=\skip44
\f@ncyO@erh=\skip45
\f@ncyO@olh=\skip46
\f@ncyO@orh=\skip47
\f@ncyO@elf=\skip48
\f@ncyO@erf=\skip49
\f@ncyO@olf=\skip50
\f@ncyO@orf=\skip51
)
("C:\Program Files\MiKTeX 2.9\tex\latex\tocloft\tocloft.sty"
Package: tocloft 2013/05/02 v2.3f parameterised ToC, etc., typesetting
Package tocloft Info: The document has chapter divisions on input line 44.
\cftparskip=\skip52
\cftbeforetoctitleskip=\skip53
\cftaftertoctitleskip=\skip54
\cftbeforepartskip=\skip55
\cftpartnumwidth=\skip56
\cftpartindent=\skip57
\cftbeforechapskip=\skip58
\cftchapindent=\skip59
\cftchapnumwidth=\skip60
\cftbeforesecskip=\skip61
\cftsecindent=\skip62
\cftsecnumwidth=\skip63
\cftbeforesubsecskip=\skip64
\cftsubsecindent=\skip65
\cftsubsecnumwidth=\skip66
\cftbeforesubsubsecskip=\skip67
\cftsubsubsecindent=\skip68
\cftsubsubsecnumwidth=\skip69
\cftbeforeparaskip=\skip70
\cftparaindent=\skip71
\cftparanumwidth=\skip72
\cftbeforesubparaskip=\skip73
\cftsubparaindent=\skip74
\cftsubparanumwidth=\skip75
\cftbeforeloftitleskip=\skip76
\cftafterloftitleskip=\skip77
\cftbeforefigskip=\skip78
\cftfigindent=\skip79
\cftfignumwidth=\skip80
\c@lofdepth=\count91
\c@lotdepth=\count92
\cftbeforelottitleskip=\skip81
\cftafterlottitleskip=\skip82
\cftbeforetabskip=\skip83
\cfttabindent=\skip84
\cfttabnumwidth=\skip85
)
("C:\Program Files\MiKTeX 2.9\tex\latex\tools\dcolumn.sty"
Package: dcolumn 2014/10/28 v1.06 decimal alignment package (DPC)

("C:\Program Files\MiKTeX 2.9\tex\latex\tools\array.sty"
Package: array 2014/10/28 v2.4c Tabular extension package (FMi)
\col@sep=\dimen111
\extrarowheight=\dimen112
\NC@list=\toks16
\extratabsurround=\skip86
\backup@length=\skip87
))
("C:\Program Files\MiKTeX 2.9\tex\latex\tools\longtable.sty"
Package: longtable 2014/10/28 v4.11 Multi-page Table package (DPC)
\LTleft=\skip88
\LTright=\skip89
\LTpre=\skip90
\LTpost=\skip91
\LTchunksize=\count93
\LTcapwidth=\dimen113
\LT@head=\box26
\LT@firsthead=\box27
\LT@foot=\box28
\LT@lastfoot=\box29
\LT@cols=\count94
\LT@rows=\count95
\c@LT@tables=\count96
\c@LT@chunks=\count97
\LT@p@ftn=\toks17
)
("C:\Program Files\MiKTeX 2.9\tex\latex\tools\multicol.sty"
Package: multicol 2016/04/07 v1.8p multicolumn formatting (FMi)
\c@tracingmulticols=\count98
\mult@box=\box30
\multicol@leftmargin=\dimen114
\c@unbalance=\count99
\c@collectmore=\count100
\doublecol@number=\count101
\multicoltolerance=\count102
\multicolpretolerance=\count103
\full@width=\dimen115
\page@free=\dimen116
\premulticols=\dimen117
\postmulticols=\dimen118
\multicolsep=\skip92
\multicolbaselineskip=\skip93
\partial@page=\box31
\last@line=\box32
\maxbalancingoverflow=\dimen119
\mult@rightbox=\box33
\mult@grightbox=\box34
\mult@gfirstbox=\box35
\mult@firstbox=\box36
\@tempa=\box37
\@tempa=\box38
\@tempa=\box39
\@tempa=\box40
\@tempa=\box41
\@tempa=\box42
\@tempa=\box43
\@tempa=\box44
\@tempa=\box45
\@tempa=\box46
\@tempa=\box47
\@tempa=\box48
\@tempa=\box49
\@tempa=\box50
\@tempa=\box51
\@tempa=\box52
\@tempa=\box53
\c@columnbadness=\count104
\c@finalcolumnbadness=\count105
\last@try=\dimen120
\multicolovershoot=\dimen121
\multicolundershoot=\dimen122
\mult@nat@firstbox=\box54
\colbreak@box=\box55
\mc@col@check@num=\count106
)
("C:\Program Files\MiKTeX 2.9\tex\latex\multirow\multirow.sty"
\bigstrutjot=\dimen123
)
("C:\Program Files\MiKTeX 2.9\tex\latex\amsmath\amsmath.sty"
Package: amsmath 2016/03/10 v2.15b AMS math features
\@mathmargin=\skip94

For additional information on amsmath, use the `?' option.
("C:\Program Files\MiKTeX 2.9\tex\latex\amsmath\amstext.sty"
Package: amstext 2000/06/29 v2.01 AMS text

("C:\Program Files\MiKTeX 2.9\tex\latex\amsmath\amsgen.sty"
File: amsgen.sty 1999/11/30 v2.0 generic functions
\@emptytoks=\toks18
\ex@=\dimen124
))
("C:\Program Files\MiKTeX 2.9\tex\latex\amsmath\amsbsy.sty"
Package: amsbsy 1999/11/29 v1.2d Bold Symbols
\pmbraise@=\dimen125
)
("C:\Program Files\MiKTeX 2.9\tex\latex\amsmath\amsopn.sty"
Package: amsopn 2016/03/08 v2.02 operator names
)
\inf@bad=\count107
LaTeX Info: Redefining \frac on input line 199.
\uproot@=\count108
\leftroot@=\count109
LaTeX Info: Redefining \overline on input line 297.
\classnum@=\count110
\DOTSCASE@=\count111
LaTeX Info: Redefining \ldots on input line 394.
LaTeX Info: Redefining \dots on input line 397.
LaTeX Info: Redefining \cdots on input line 518.
\Mathstrutbox@=\box56
\strutbox@=\box57
\big@size=\dimen126
LaTeX Font Info:    Redeclaring font encoding OML on input line 634.
LaTeX Font Info:    Redeclaring font encoding OMS on input line 635.
\macc@depth=\count112
\c@MaxMatrixCols=\count113
\dotsspace@=\muskip10
\c@parentequation=\count114
\dspbrk@lvl=\count115
\tag@help=\toks19
\row@=\count116
\column@=\count117
\maxfields@=\count118
\andhelp@=\toks20
\eqnshift@=\dimen127
\alignsep@=\dimen128
\tagshift@=\dimen129
\tagwidth@=\dimen130
\totwidth@=\dimen131
\lineht@=\dimen132
\@envbody=\toks21
\multlinegap=\skip95
\multlinetaggap=\skip96
\mathdisplay@stack=\toks22
LaTeX Info: Redefining \[ on input line 2739.
LaTeX Info: Redefining \] on input line 2740.
)
("C:\Program Files\MiKTeX 2.9\tex\latex\amscls\amsthm.sty"
Package: amsthm 2015/03/04 v2.20.2
\thm@style=\toks23
\thm@bodyfont=\toks24
\thm@headfont=\toks25
\thm@notefont=\toks26
\thm@headpunct=\toks27
\thm@preskip=\skip97
\thm@postskip=\skip98
\thm@headsep=\skip99
\dth@everypar=\toks28
)
("C:\Program Files\MiKTeX 2.9\tex\latex\amsfonts\amssymb.sty"
Package: amssymb 2013/01/14 v3.01 AMS font symbols

("C:\Program Files\MiKTeX 2.9\tex\latex\amsfonts\amsfonts.sty"
Package: amsfonts 2013/01/14 v3.01 Basic AMSFonts support
\symAMSa=\mathgroup4
\symAMSb=\mathgroup5
LaTeX Font Info:    Overwriting math alphabet `\mathfrak' in version `bold'
(Font)                  U/euf/m/n --> U/euf/b/n on input line 106.
))
("C:\Program Files\MiKTeX 2.9\tex\latex\tools\xspace.sty"
Package: xspace 2014/10/28 v1.13 Space after command names (DPC,MH)
)
("C:\Program Files\MiKTeX 2.9\tex\latex\textcase\textcase.sty"
Package: textcase 2004/10/07 v0.07 Text only upper/lower case changing (DPC)
)
("C:\Program Files\MiKTeX 2.9\tex\latex\wasysym\wasysym.sty"
Package: wasysym 2003/10/30 v2.0 Wasy-2 symbol support package
\symwasy=\mathgroup6
LaTeX Font Info:    Overwriting symbol font `wasy' in version `bold'
(Font)                  U/wasy/m/n --> U/wasy/b/n on input line 90.
)
("C:\Program Files\MiKTeX 2.9\tex\latex\graphics\graphics.sty"
Package: graphics 2016/06/02 v1.0s Standard LaTeX Graphics (DPC,SPQR)

("C:\Program Files\MiKTeX 2.9\tex\latex\graphics\trig.sty"
Package: trig 2016/01/03 v1.10 sin cos tan (DPC)
)
(C:\Users\norah\AppData\Roaming\MiKTeX\2.9\tex\latex\graphics-cfg\graphics.cfg
File: graphics.cfg 2016/06/04 v1.11 sample graphics configuration
)
Package graphics Info: Driver file: pdftex.def on input line 99.
("C:\Program Files\MiKTeX 2.9\tex\latex\pdftex-def\pdftex.def"
File: pdftex.def 2016/06/17 v0.06h Graphics/color for pdfTeX

("C:\Program Files\MiKTeX 2.9\tex\generic\oberdiek\infwarerr.sty"
Package: infwarerr 2016/05/16 v1.4 Providing info/warning/error messages (HO)
)
("C:\Program Files\MiKTeX 2.9\tex\generic\oberdiek\ltxcmds.sty"
Package: ltxcmds 2016/05/16 v1.23 LaTeX kernel commands for general use (HO)
)
\Gread@gobject=\count119
))
("C:\Program Files\MiKTeX 2.9\tex\latex\graphics\graphicx.sty"
Package: graphicx 2014/10/28 v1.0g Enhanced LaTeX Graphics (DPC,SPQR)
\Gin@req@height=\dimen133
\Gin@req@width=\dimen134
)
("C:\Program Files\MiKTeX 2.9\tex\latex\float\float.sty"
Package: float 2001/11/08 v1.3d Float enhancements (AL)
\c@float@type=\count120
\float@exts=\toks29
\float@box=\box58
\@float@everytoks=\toks30
\@floatcapt=\box59
)
("C:\Program Files\MiKTeX 2.9\tex\latex\placeins\placeins.sty"
Package: placeins 2005/04/18  v 2.2
)
("C:\Program Files\MiKTeX 2.9\tex\latex\preprint\fullpage.sty"
Package: fullpage 1999/02/23 1.1 (PWD)
\FP@margin=\skip100
)
("C:\Program Files\MiKTeX 2.9\tex\latex\psnfss\times.sty"
Package: times 2005/04/12 PSNFSS-v9.2a (SPQR) 
)
("C:\Program Files\MiKTeX 2.9\tex\latex\tools\xr.sty"
Package: xr 1994/05/28 v5.02 eXternal References (DPC)
)
("C:\Program Files\MiKTeX 2.9\tex\latex\caption\caption.sty"
Package: caption 2016/02/21 v3.3-144 Customizing captions (AR)

("C:\Program Files\MiKTeX 2.9\tex\latex\caption\caption3.sty"
Package: caption3 2016/05/22 v1.7-166 caption3 kernel (AR)
Package caption3 Info: TeX engine: e-TeX on input line 67.
\captionmargin=\dimen135
\captionmargin@=\dimen136
\captionwidth=\dimen137
\caption@tempdima=\dimen138
\caption@indent=\dimen139
\caption@parindent=\dimen140
\caption@hangindent=\dimen141
)
\c@ContinuedFloat=\count121
Package caption Info: float package is loaded.
Package caption Info: longtable package is loaded.

("C:\Program Files\MiKTeX 2.9\tex\latex\caption\ltcaption.sty"
Package: ltcaption 2013/06/09 v1.4-94 longtable captions (AR)
))
("C:\Program Files\MiKTeX 2.9\tex\latex\xcolor\xcolor.sty"
Package: xcolor 2016/05/11 v2.12 LaTeX color extensions (UK)

(C:\Users\norah\AppData\Roaming\MiKTeX\2.9\tex\latex\graphics-cfg\color.cfg
File: color.cfg 2016/01/02 v1.6 sample color configuration
)
Package xcolor Info: Driver file: pdftex.def on input line 225.
Package xcolor Info: Model `cmy' substituted by `cmy0' on input line 1348.
Package xcolor Info: Model `hsb' substituted by `rgb' on input line 1352.
Package xcolor Info: Model `RGB' extended on input line 1364.
Package xcolor Info: Model `HTML' substituted by `rgb' on input line 1366.
Package xcolor Info: Model `Hsb' substituted by `hsb' on input line 1367.
Package xcolor Info: Model `tHsb' substituted by `hsb' on input line 1368.
Package xcolor Info: Model `HSB' substituted by `hsb' on input line 1369.
Package xcolor Info: Model `Gray' substituted by `gray' on input line 1370.
Package xcolor Info: Model `wave' substituted by `hsb' on input line 1371.
)
(algorithm2e.sty
Package: algorithm2e 2017/07/18 v5.2 algorithms environments
\c@AlgoLine=\count122
 ("C:\Program Files\MiKTeX 2.9\tex\latex\base\ifthen.sty"
Package: ifthen 2014/09/29 v1.1c Standard LaTeX ifthen package (DPC)
)
\algocf@hangindent=\skip101

("C:\Program Files\MiKTeX 2.9\tex\latex\ifoddpage\ifoddpage.sty"
Package: ifoddpage 2016/04/23 v1.1 Conditionals for odd/even page detection
\c@checkoddpage=\count123
)
("C:\Program Files\MiKTeX 2.9\tex\latex\ltxmisc\relsize.sty"
Package: relsize 2003/07/04 ver 3.1
)
\skiptotal=\skip102
\skiplinenumber=\skip103
\skiprule=\skip104
\skiphlne=\skip105
\skiptext=\skip106
\skiplength=\skip107
\algomargin=\skip108
\skipalgocfslide=\skip109
\algowidth=\dimen142
\inoutsize=\dimen143
\inoutindent=\dimen144
\interspacetitleruled=\dimen145
\interspacealgoruled=\dimen146
\interspacetitleboxruled=\dimen147
\algocf@ruledwidth=\skip110
\algocf@inoutbox=\box60
\algocf@inputbox=\box61
\AlCapSkip=\skip111
\AlCapHSkip=\skip112
\algoskipindent=\skip113
\algocf@nlbox=\box62
\algocf@hangingbox=\box63
\algocf@untilbox=\box64
\algocf@skipuntil=\skip114
\algocf@capbox=\box65
\algocf@lcaptionbox=\skip115
\algoheightruledefault=\skip116
\algoheightrule=\skip117
\algotitleheightruledefault=\skip118
\algotitleheightrule=\skip119
\c@algocfline=\count124
\c@algocfproc=\count125
\c@algocf=\count126
\algocf@algoframe=\box66
\algocf@algobox=\box67
)
("C:\Program Files\MiKTeX 2.9\tex\latex\listings\listings.sty"
\lst@mode=\count127
\lst@gtempboxa=\box68
\lst@token=\toks31
\lst@length=\count128
\lst@currlwidth=\dimen148
\lst@column=\count129
\lst@pos=\count130
\lst@lostspace=\dimen149
\lst@width=\dimen150
\lst@newlines=\count131
\lst@lineno=\count132
\lst@maxwidth=\dimen151

("C:\Program Files\MiKTeX 2.9\tex\latex\listings\lstmisc.sty"
File: lstmisc.sty 2015/06/04 1.6 (Carsten Heinz)
\c@lstnumber=\count133
\lst@skipnumbers=\count134
\lst@framebox=\box69
)
("C:\Program Files\MiKTeX 2.9\tex\latex\listings\listings.cfg"
File: listings.cfg 2015/06/04 1.6 listings configuration
))
Package: listings 2015/06/04 1.6 (Carsten Heinz)

("C:\Program Files\MiKTeX 2.9\tex\latex\threeparttable\threeparttable.sty"
Package: threeparttable 2003/06/13  v 3.0
\@tempboxb=\box70
)
(appendix.sty
Package: appendix 2009/09/02 v1.2b extra appendix facilities
\c@@pps=\count135
\c@@ppsavesec=\count136
\c@@ppsaveapp=\count137
) ("C:\Program Files\MiKTeX 2.9\tex\latex\hyperref\hyperref.sty"
Package: hyperref 2016/05/21 v6.83p Hypertext links for LaTeX

("C:\Program Files\MiKTeX 2.9\tex\generic\oberdiek\hobsub-hyperref.sty"
Package: hobsub-hyperref 2016/05/16 v1.14 Bundle oberdiek, subset hyperref (HO)


("C:\Program Files\MiKTeX 2.9\tex\generic\oberdiek\hobsub-generic.sty"
Package: hobsub-generic 2016/05/16 v1.14 Bundle oberdiek, subset generic (HO)
Package: hobsub 2016/05/16 v1.14 Construct package bundles (HO)
Package hobsub Info: Skipping package `infwarerr' (already loaded).
Package hobsub Info: Skipping package `ltxcmds' (already loaded).
Package: ifluatex 2016/05/16 v1.4 Provides the ifluatex switch (HO)
Package ifluatex Info: LuaTeX not detected.
Package hobsub Info: Skipping package `ifvtex' (already loaded).
Package: intcalc 2016/05/16 v1.2 Expandable calculations with integers (HO)
Package hobsub Info: Skipping package `ifpdf' (already loaded).
Package: etexcmds 2016/05/16 v1.6 Avoid name clashes with e-TeX commands (HO)
Package etexcmds Info: Could not find \expanded.
(etexcmds)             That can mean that you are not using pdfTeX 1.50 or
(etexcmds)             that some package has redefined \expanded.
(etexcmds)             In the latter case, load this package earlier.
Package: kvsetkeys 2016/05/16 v1.17 Key value parser (HO)
Package: kvdefinekeys 2016/05/16 v1.4 Define keys (HO)
Package: pdftexcmds 2016/05/21 v0.22 Utility functions of pdfTeX for LuaTeX (HO
)
Package pdftexcmds Info: LuaTeX not detected.
Package pdftexcmds Info: \pdf@primitive is available.
Package pdftexcmds Info: \pdf@ifprimitive is available.
Package pdftexcmds Info: \pdfdraftmode found.
Package: pdfescape 2016/05/16 v1.14 Implements pdfTeX's escape features (HO)
Package: bigintcalc 2016/05/16 v1.4 Expandable calculations on big integers (HO
)
Package: bitset 2016/05/16 v1.2 Handle bit-vector datatype (HO)
Package: uniquecounter 2016/05/16 v1.3 Provide unlimited unique counter (HO)
)
Package hobsub Info: Skipping package `hobsub' (already loaded).
Package: letltxmacro 2016/05/16 v1.5 Let assignment for LaTeX macros (HO)
Package: hopatch 2016/05/16 v1.3 Wrapper for package hooks (HO)
Package: xcolor-patch 2016/05/16 xcolor patch
Package: atveryend 2016/05/16 v1.9 Hooks at the very end of document (HO)
Package atveryend Info: \enddocument detected (standard20110627).
Package: atbegshi 2016/06/09 v1.18 At begin shipout hook (HO)
Package: refcount 2016/05/16 v3.5 Data extraction from label references (HO)
Package: hycolor 2016/05/16 v1.8 Color options for hyperref/bookmark (HO)
)
("C:\Program Files\MiKTeX 2.9\tex\latex\oberdiek\auxhook.sty"
Package: auxhook 2016/05/16 v1.4 Hooks for auxiliary files (HO)
)
("C:\Program Files\MiKTeX 2.9\tex\latex\oberdiek\kvoptions.sty"
Package: kvoptions 2016/05/16 v3.12 Key value format for package options (HO)
)
\@linkdim=\dimen152
\Hy@linkcounter=\count138
\Hy@pagecounter=\count139

("C:\Program Files\MiKTeX 2.9\tex\latex\hyperref\pd1enc.def"
File: pd1enc.def 2016/05/21 v6.83p Hyperref: PDFDocEncoding definition (HO)
)
\Hy@SavedSpaceFactor=\count140

("C:\Program Files\MiKTeX 2.9\tex\latex\00miktex\hyperref.cfg"
File: hyperref.cfg 2002/06/06 v1.2 hyperref configuration of TeXLive
)
Package hyperref Info: Option `bookmarks' set `false' on input line 4362.
Package hyperref Info: Hyper figures OFF on input line 4486.
Package hyperref Info: Link nesting OFF on input line 4491.
Package hyperref Info: Hyper index ON on input line 4494.
Package hyperref Info: Plain pages OFF on input line 4501.
Package hyperref Info: Backreferencing OFF on input line 4506.
Package hyperref Info: Implicit mode ON; LaTeX internals redefined.
Package hyperref Info: Bookmarks OFF on input line 4741.
\c@Hy@tempcnt=\count141

("C:\Program Files\MiKTeX 2.9\tex\latex\url\url.sty"
\Urlmuskip=\muskip11
Package: url 2013/09/16  ver 3.4  Verb mode for urls, etc.
)
LaTeX Info: Redefining \url on input line 5088.
\XeTeXLinkMargin=\dimen153
\Fld@menulength=\count142
\Field@Width=\dimen154
\Fld@charsize=\dimen155
Package hyperref Info: Hyper figures OFF on input line 6342.
Package hyperref Info: Link nesting OFF on input line 6347.
Package hyperref Info: Hyper index ON on input line 6350.
Package hyperref Info: backreferencing OFF on input line 6357.
Package hyperref Info: Link coloring OFF on input line 6362.
Package hyperref Info: Link coloring with OCG OFF on input line 6367.
Package hyperref Info: PDF/A mode OFF on input line 6372.
LaTeX Info: Redefining \ref on input line 6412.
LaTeX Info: Redefining \pageref on input line 6416.
\Hy@abspage=\count143
\c@Item=\count144
\c@Hfootnote=\count145
)

Package hyperref Message: Driver (autodetected): hpdftex.

("C:\Program Files\MiKTeX 2.9\tex\latex\hyperref\hpdftex.def"
File: hpdftex.def 2016/05/21 v6.83p Hyperref driver for pdfTeX
\Fld@listcount=\count146
\c@bookmark@seq@number=\count147

("C:\Program Files\MiKTeX 2.9\tex\latex\oberdiek\rerunfilecheck.sty"
Package: rerunfilecheck 2016/05/16 v1.8 Rerun checks for auxiliary files (HO)
Package uniquecounter Info: New unique counter `rerunfilecheck' on input line 2
82.
)
\Hy@SectionHShift=\skip120
)
("C:\Program Files\MiKTeX 2.9\tex\latex\caption\subcaption.sty"
Package: subcaption 2016/05/22 v1.1-161 Sub-captions (AR)
\c@subfigure=\count148
\c@subtable=\count149
)
("C:\Program Files\MiKTeX 2.9\tex\latex\amsfonts\eucal.sty"
Package: eucal 2009/06/22 v3.00 Euler Script fonts
LaTeX Font Info:    Overwriting math alphabet `\EuScript' in version `bold'
(Font)                  U/eus/m/n --> U/eus/b/n on input line 33.
)
("C:\Program Files\MiKTeX 2.9\tex\latex\jknappen\mathrsfs.sty"
Package: mathrsfs 1996/01/01 Math RSFS package v1.0 (jk)
\symrsfs=\mathgroup7
) (ulem.sty
\UL@box=\box71
\UL@hyphenbox=\box72
\UL@skip=\skip121
\UL@hook=\toks32
\UL@height=\dimen156
\UL@pe=\count150
\UL@pixel=\dimen157
\ULC@box=\box73
Package: ulem 2012/05/18
\ULdepth=\dimen158
)
("C:\Program Files\MiKTeX 2.9\tex\latex\oberdiek\settobox.sty"
Package: settobox 2016/05/16 v1.5 Assign box dimensions to length registers (HO
)
)
\DIFdelgraphicsbox=\box74
\DIFdelgraphicswidth=\skip122
\DIFdelgraphicsheight=\skip123
LaTeX Info: Redefining \DIFaddbegin on input line 157.
LaTeX Info: Redefining \DIFaddend on input line 158.
LaTeX Info: Redefining \DIFdelbegin on input line 159.
LaTeX Info: Redefining \DIFdelend on input line 160.
LaTeX Info: Redefining \DIFaddbeginFL on input line 165.
LaTeX Info: Redefining \DIFaddendFL on input line 166.
LaTeX Info: Redefining \DIFdelbeginFL on input line 167.
LaTeX Info: Redefining \DIFdelendFL on input line 168.
 (diff.aux)
\openout1 = `diff.aux'.

LaTeX Font Info:    Checking defaults for OML/cmm/m/it on input line 183.
LaTeX Font Info:    ... okay on input line 183.
LaTeX Font Info:    Checking defaults for T1/cmr/m/n on input line 183.
LaTeX Font Info:    ... okay on input line 183.
LaTeX Font Info:    Checking defaults for OT1/cmr/m/n on input line 183.
LaTeX Font Info:    ... okay on input line 183.
LaTeX Font Info:    Checking defaults for OMS/cmsy/m/n on input line 183.
LaTeX Font Info:    ... okay on input line 183.
LaTeX Font Info:    Checking defaults for OMX/cmex/m/n on input line 183.
LaTeX Font Info:    ... okay on input line 183.
LaTeX Font Info:    Checking defaults for U/cmr/m/n on input line 183.
LaTeX Font Info:    ... okay on input line 183.
LaTeX Font Info:    Checking defaults for PD1/pdf/m/n on input line 183.
LaTeX Font Info:    ... okay on input line 183.
LaTeX Font Info:    Try loading font information for OT1+ptm on input line 183.


("C:\Program Files\MiKTeX 2.9\tex\latex\psnfss\ot1ptm.fd"
File: ot1ptm.fd 2001/06/04 font definitions for OT1/ptm.
)
*geometry* driver: auto-detecting
*geometry* detected driver: pdftex
*geometry* verbose mode - [ preamble ] result:
* driver: pdftex
* paper: <default>
* layout: <same size as paper>
* layoutoffset:(h,v)=(0.0pt,0.0pt)
* modes: 
* h-part:(L,W,R)=(108.405pt, 433.62001pt, 72.26999pt)
* v-part:(T,H,B)=(93.95122pt, 628.74878pt, 72.26999pt)
* \paperwidth=614.295pt
* \paperheight=794.96999pt
* \textwidth=469.75502pt
* \textheight=620.43001pt
* \oddsidemargin=0.0pt
* \evensidemargin=0.0pt
* \topmargin=0.0pt
* \headheight=0.0pt
* \headsep=0.0pt
* \topskip=12.0pt
* \footskip=30.0pt
* \marginparwidth=47.0pt
* \marginparsep=7.0pt
* \columnsep=10.0pt
* \skip\footins=10.8pt plus 4.0pt minus 2.0pt
* \hoffset=0.0pt
* \voffset=0.0pt
* \mag=1000
* \@twocolumnfalse
* \@twosidefalse
* \@mparswitchfalse
* \@reversemarginfalse
* (1in=72.27pt=25.4mm, 1cm=28.453pt)

("C:\Program Files\MiKTeX 2.9\tex\context\base\supp-pdf.mkii"
[Loading MPS to PDF converter (version 2006.09.02).]
\scratchcounter=\count151
\scratchdimen=\dimen159
\scratchbox=\box75
\nofMPsegments=\count152
\nofMParguments=\count153
\everyMPshowfont=\toks33
\MPscratchCnt=\count154
\MPscratchDim=\dimen160
\MPnumerator=\count155
\makeMPintoPDFobject=\count156
\everyMPtoPDFconversion=\toks34
) ("C:\Program Files\MiKTeX 2.9\tex\latex\oberdiek\epstopdf-base.sty"
Package: epstopdf-base 2016/05/15 v2.6 Base part for package epstopdf

("C:\Program Files\MiKTeX 2.9\tex\latex\oberdiek\grfext.sty"
Package: grfext 2016/05/16 v1.2 Manage graphics extensions (HO)
)
Package epstopdf-base Info: Redefining graphics rule for `.eps' on input line 4
38.
Package grfext Info: Graphics extension search list:
(grfext)             [.png,.pdf,.jpg,.mps,.jpeg,.jbig2,.jb2,.PNG,.PDF,.JPG,.JPE
G,.JBIG2,.JB2,.eps]
(grfext)             \AppendGraphicsExtensions on input line 456.
)
Package caption Info: Begin \AtBeginDocument code.
Package caption Info: hyperref package is loaded.
Package caption Info: listings package is loaded.
Package caption Info: threeparttable package is loaded.
Package caption Info: End \AtBeginDocument code.
\c@lstlisting=\count157
\AtBeginShipoutBox=\box76
Package hyperref Info: Link coloring OFF on input line 183.

("C:\Program Files\MiKTeX 2.9\tex\latex\hyperref\nameref.sty"
Package: nameref 2016/05/21 v2.44 Cross-referencing by name of section

("C:\Program Files\MiKTeX 2.9\tex\generic\oberdiek\gettitlestring.sty"
Package: gettitlestring 2016/05/16 v1.5 Cleanup title references (HO)
)
\c@section@level=\count158
)
LaTeX Info: Redefining \ref on input line 183.
LaTeX Info: Redefining \pageref on input line 183.
LaTeX Info: Redefining \nameref on input line 183.

(frontmatter/fm.tex (frontmatter/tp.tex
LaTeX Font Info:    Try loading font information for U+msa on input line 18.

("C:\Program Files\MiKTeX 2.9\tex\latex\amsfonts\umsa.fd"
File: umsa.fd 2013/01/14 v3.01 AMS symbols A
)
LaTeX Font Info:    Try loading font information for U+msb on input line 18.

("C:\Program Files\MiKTeX 2.9\tex\latex\amsfonts\umsb.fd"
File: umsb.fd 2013/01/14 v3.01 AMS symbols B
)
LaTeX Font Info:    Try loading font information for U+wasy on input line 18.

("C:\Program Files\MiKTeX 2.9\tex\latex\wasysym\uwasy.fd"
File: uwasy.fd 2003/10/30 v2.0 Wasy-2 symbol font definitions
)
LaTeX Font Info:    Try loading font information for U+rsfs on input line 18.

("C:\Program Files\MiKTeX 2.9\tex\latex\jknappen\ursfs.fd"
File: ursfs.fd 1998/03/24 rsfs font definition file (jk)
)
LaTeX Font Info:    Try loading font information for OMS+ptm on input line 19.

("C:\Program Files\MiKTeX 2.9\tex\latex\psnfss\omsptm.fd"
File: omsptm.fd 
)
LaTeX Font Info:    Font shape `OMS/ptm/m/n' in size <12> not available
(Font)              Font shape `OMS/cmsy/m/n' tried instead on input line 19.
) (frontmatter/sc.tex [1

{C:/Users/norah/AppData/Local/MiKTeX/2.9/pdftex/config/pdftex.map}]
Underfull \hbox (badness 10000) in paragraph at lines 16--19

 []

)
Overfull \vbox (8.18385pt too high) has occurred while \output is active []


[2] (frontmatter/abs.tex
LaTeX Font Info:    Font shape `OT1/ptm/bx/n' in size <12> not available
(Font)              Font shape `OT1/ptm/b/n' tried instead on input line 4.

Underfull \hbox (badness 10000) in paragraph at lines 4--7

 []

)
Overfull \vbox (8.18385pt too high) has occurred while \output is active []


[3]
LaTeX Font Info:    Font shape `OT1/ptm/bx/n' in size <24.88> not available
(Font)              Font shape `OT1/ptm/b/n' tried instead on input line 34.
 (diff.toc

Package Fancyhdr Warning: \headheight is too small (0.0pt): 
 Make it at least 14.49998pt.
 We now make it that large for the rest of the document.
 This may cause the page layout to be inconsistent, however.

[4] [5])
\tf@toc=\write3
\openout3 = `diff.toc'.

 [6] (diff.lot)
\tf@lot=\write4
\openout4 = `diff.lot'.

 [7] (diff.lof [8]
Overfull \hbox (4.68787pt too wide) in paragraph at lines 44--44
 [][] [][]\OT1/ptm/m/n/12 Server send event nav-i-ga-tion []|   []   |   []   |
   []   |   [][][] []  
 []


Overfull \hbox (23.3354pt too wide) in paragraph at lines 45--45
 [][] [][]\OT1/ptm/m/n/12 Client 1 re-ceive event nav-i-ga-tion []|   []   |   
[]   |   []   |   [][][] []  
 []


Overfull \hbox (4.68787pt too wide) in paragraph at lines 50--50
 [][] [][]\OT1/ptm/m/n/12 Server send event nav-i-ga-tion []|   []   |   []   |
   []   |   [][][] []  
 []


Overfull \hbox (23.3354pt too wide) in paragraph at lines 51--51
 [][] [][]\OT1/ptm/m/n/12 Client 2 re-ceive event nav-i-ga-tion []|   []   |   
[]   |   []   |   [][][] []  
 []

)
\tf@lof=\write5
\openout5 = `diff.lof'.

 (frontmatter/ack.tex [9]) (frontmatter/ded.tex [10]) [11])
Chapter 1.
[1

]
LaTeX Font Info:    Font shape `OT1/ptm/bx/n' in size <17.28> not available
(Font)              Font shape `OT1/ptm/b/n' tried instead on input line 202.
LaTeX Font Info:    Font shape `OT1/ptm/bx/n' in size <14.4> not available
(Font)              Font shape `OT1/ptm/b/n' tried instead on input line 205.


LaTeX Warning: Citation `howard2003writing' on page 2 undefined on input line 2
12.

[2] ("C:\Program Files\MiKTeX 2.9\tex\latex\listings\lstlang1.sty"
File: lstlang1.sty 2015/06/04 1.6 listings language file
)
("C:\Program Files\MiKTeX 2.9\tex\latex\listings\lstlang1.sty"
File: lstlang1.sty 2015/06/04 1.6 listings language file
)
("C:\Program Files\MiKTeX 2.9\tex\latex\listings\lstmisc.sty"
File: lstmisc.sty 2015/06/04 1.6 (Carsten Heinz)
)
LaTeX Font Info:    Try loading font information for OT1+pcr on input line 237.


("C:\Program Files\MiKTeX 2.9\tex\latex\psnfss\ot1pcr.fd"
File: ot1pcr.fd 2001/06/04 font definitions for OT1/pcr.
)
LaTeX Font Info:    Font shape `OT1/pcr/bx/n' in size <8> not available
(Font)              Font shape `OT1/pcr/b/n' tried instead on input line 238.
LaTeX Font Info:    Font shape `OT1/pcr/m/it' in size <8> not available
(Font)              Font shape `OT1/pcr/m/sl' tried instead on input line 247.
 [3]
<Figures/methodology.png, id=384, 1072.005pt x 337.26pt>
File: Figures/methodology.png Graphic file (type png)

<use Figures/methodology.png>
Package pdftex.def Info: Figures/methodology.png used on input line 279.
(pdftex.def)             Requested size: 471.68367pt x 148.39485pt.
 [4] [5 <./Figures/methodology.png>]
Overfull \hbox (0.74702pt too wide) in paragraph at lines 306--307
[]\OT1/ptm/b/n/12 Prototype: \OT1/ptm/m/n/12 A pro-to-type for com-mu-ni-ca-tio
n anal-y-sis through assembly-level ex-e-cu-tion traces
 []

[6] [7]
Chapter 2.
[8

]

Package xr Warning: 
No file ../appendix/chapter_app.aux
LABELS NOT IMPORTED.
 on input line 343.

[9]
Chapter 3.
[10

] [11] [12] [13]
<Figures/reliableexample.png, id=454, 528.97626pt x 448.67625pt>
File: Figures/reliableexample.png Graphic file (type png)

<use Figures/reliableexample.png>
Package pdftex.def Info: Figures/reliableexample.png used on input line 461.
(pdftex.def)             Requested size: 264.48747pt x 224.33757pt.
 [14 <./Figures/reliableexample.png>]
<Figures/unreliableexample.png, id=463, 525.965pt x 454.69875pt>
File: Figures/unreliableexample.png Graphic file (type png)

<use Figures/unreliableexample.png>
Package pdftex.def Info: Figures/unreliableexample.png used on input line 512.
(pdftex.def)             Requested size: 262.98184pt x 227.34882pt.
 [15 <./Figures/unreliableexample.png>]

Package xr Warning: 
No file ../3/chapter_modeling.aux
LABELS NOT IMPORTED.
 on input line 549.


Package xr Warning: 
No file ../5/chapter_implementation.aux
LABELS NOT IMPORTED.
 on input line 550.


Package xr Warning: 
No file ../appendix/chapter_app.aux
LABELS NOT IMPORTED.
 on input line 551.

[16]
Chapter 4.
<Figures/overview.png, id=475, 981.6675pt x 172.645pt>
File: Figures/overview.png Graphic file (type png)

<use Figures/overview.png>
Package pdftex.def Info: Figures/overview.png used on input line 561.
(pdftex.def)             Requested size: 490.83255pt x 86.32228pt.
 [17

]
Overfull \hbox (5.67456pt too wide) in paragraph at lines 583--584
\OT1/ptm/m/n/12 the ex-e-cu-tion type which can be in-struc-tion, sys-tem call 
en-try, and sys-tem call exit, $\OML/cmm/m/it/12 syscallInfo \OT1/cmr/m/n/12 =\
OML/cmm/m/it/12 <
 []

<Figures/tracedefined.png, id=482, 864.22874pt x 243.15843pt>
File: Figures/tracedefined.png Graphic file (type png)

<use Figures/tracedefined.png>
Package pdftex.def Info: Figures/tracedefined.png used on input line 588.
(pdftex.def)             Requested size: 432.11331pt x 121.57892pt.
 [18 <./Figures/overview.png>] [19 <./Figures/tracedefined.png>] [20]
LaTeX Font Info:    Font shape `OT1/ptm/bx/n' in size <8> not available
(Font)              Font shape `OT1/ptm/b/n' tried instead on input line 650.


Package relsize Warning: Size requested is too small.
(relsize)                Using 6.0pt instead on input line 652.

LaTeX Font Info:    Font shape `OT1/ptm/bx/n' in size <6> not available
(Font)              Font shape `OT1/ptm/b/n' tried instead on input line 652.

Package relsize Warning: Size requested is too small.
(relsize)                Using 6.0pt instead on input line 653.


Package relsize Warning: Size requested is too small.
(relsize)                Using 6.0pt instead on input line 680.


Package relsize Warning: Size requested is too small.
(relsize)                Using 6.0pt instead on input line 680.


Package relsize Warning: Size requested is too small.
(relsize)                Using 6.0pt instead on input line 680.


Package relsize Warning: Size requested is too small.
(relsize)                Using 6.0pt instead on input line 680.


Package relsize Warning: Size requested is too small.
(relsize)                Using 6.0pt instead on input line 680.


Package relsize Warning: Size requested is too small.
(relsize)                Using 6.0pt instead on input line 680.


Package relsize Warning: Size requested is too small.
(relsize)                Using 6.0pt instead on input line 680.


Package relsize Warning: Size requested is too small.
(relsize)                Using 6.0pt instead on input line 680.


Package relsize Warning: Size requested is too small.
(relsize)                Using 6.0pt instead on input line 680.


Package relsize Warning: Size requested is too small.
(relsize)                Using 6.0pt instead on input line 680.


Package relsize Warning: Size requested is too small.
(relsize)                Using 6.0pt instead on input line 680.


Package relsize Warning: Size requested is too small.
(relsize)                Using 6.0pt instead on input line 680.


Package relsize Warning: Size requested is too small.
(relsize)                Using 6.0pt instead on input line 680.


Package relsize Warning: Size requested is too small.
(relsize)                Using 6.0pt instead on input line 680.


Package relsize Warning: Size requested is too small.
(relsize)                Using 6.0pt instead on input line 680.


Package relsize Warning: Size requested is too small.
(relsize)                Using 6.0pt instead on input line 680.


Package relsize Warning: Size requested is too small.
(relsize)                Using 6.0pt instead on input line 680.


Package relsize Warning: Size requested is too small.
(relsize)                Using 6.0pt instead on input line 680.


Package relsize Warning: Size requested is too small.
(relsize)                Using 6.0pt instead on input line 680.


Package relsize Warning: Size requested is too small.
(relsize)                Using 6.0pt instead on input line 680.


Package relsize Warning: Size requested is too small.
(relsize)                Using 6.0pt instead on input line 681.

[21] [22] <Figures/namepipechannelopen.png, id=548, 673.51625pt x 406.51875pt>
File: Figures/namepipechannelopen.png Graphic file (type png)

<use Figures/namepipechannelopen.png>
Package pdftex.def Info: Figures/namepipechannelopen.png used on input line 720
.
(pdftex.def)             Requested size: 336.7573pt x 203.25887pt.

<Figures/msmqchannelopen.png, id=551, 673.51625pt x 287.0725pt>
File: Figures/msmqchannelopen.png Graphic file (type png)

<use Figures/msmqchannelopen.png>
Package pdftex.def Info: Figures/msmqchannelopen.png used on input line 729.
(pdftex.def)             Requested size: 336.7573pt x 143.53589pt.
 [23 <./Figures/namepipechannelopen.png>]
<Figures/tcpudpchannelopen.png, id=561, 502.87875pt x 391.4625pt>
File: Figures/tcpudpchannelopen.png Graphic file (type png)

<use Figures/tcpudpchannelopen.png>
Package pdftex.def Info: Figures/tcpudpchannelopen.png used on input line 738.
(pdftex.def)             Requested size: 301.72957pt x 234.8793pt.
 [24 <./Figures/msmqchannelopen.png>]
[25 <./Figures/tcpudpchannelopen.png>]

Package relsize Warning: Size requested is too small.
(relsize)                Using 6.0pt instead on input line 782.


Package relsize Warning: Size requested is too small.
(relsize)                Using 6.0pt instead on input line 784.


Package relsize Warning: Size requested is too small.
(relsize)                Using 6.0pt instead on input line 819.


Package relsize Warning: Size requested is too small.
(relsize)                Using 6.0pt instead on input line 819.


Package relsize Warning: Size requested is too small.
(relsize)                Using 6.0pt instead on input line 819.


Package relsize Warning: Size requested is too small.
(relsize)                Using 6.0pt instead on input line 819.


Package relsize Warning: Size requested is too small.
(relsize)                Using 6.0pt instead on input line 819.


Package relsize Warning: Size requested is too small.
(relsize)                Using 6.0pt instead on input line 819.


Package relsize Warning: Size requested is too small.
(relsize)                Using 6.0pt instead on input line 819.


Package relsize Warning: Size requested is too small.
(relsize)                Using 6.0pt instead on input line 819.


Package relsize Warning: Size requested is too small.
(relsize)                Using 6.0pt instead on input line 819.


Package relsize Warning: Size requested is too small.
(relsize)                Using 6.0pt instead on input line 819.


Package relsize Warning: Size requested is too small.
(relsize)                Using 6.0pt instead on input line 819.


Package relsize Warning: Size requested is too small.
(relsize)                Using 6.0pt instead on input line 819.


Package relsize Warning: Size requested is too small.
(relsize)                Using 6.0pt instead on input line 819.


Package relsize Warning: Size requested is too small.
(relsize)                Using 6.0pt instead on input line 819.


Package relsize Warning: Size requested is too small.
(relsize)                Using 6.0pt instead on input line 819.


Package relsize Warning: Size requested is too small.
(relsize)                Using 6.0pt instead on input line 819.


Package relsize Warning: Size requested is too small.
(relsize)                Using 6.0pt instead on input line 819.


Package relsize Warning: Size requested is too small.
(relsize)                Using 6.0pt instead on input line 819.


Package relsize Warning: Size requested is too small.
(relsize)                Using 6.0pt instead on input line 819.


Package relsize Warning: Size requested is too small.
(relsize)                Using 6.0pt instead on input line 819.


Package relsize Warning: Size requested is too small.
(relsize)                Using 6.0pt instead on input line 819.


Package relsize Warning: Size requested is too small.
(relsize)                Using 6.0pt instead on input line 819.


Package relsize Warning: Size requested is too small.
(relsize)                Using 6.0pt instead on input line 819.


Package relsize Warning: Size requested is too small.
(relsize)                Using 6.0pt instead on input line 819.


Package relsize Warning: Size requested is too small.
(relsize)                Using 6.0pt instead on input line 819.

[26] [27]

Package relsize Warning: Size requested is too small.
(relsize)                Using 6.0pt instead on input line 840.


Package relsize Warning: Size requested is too small.
(relsize)                Using 6.0pt instead on input line 842.


Package relsize Warning: Size requested is too small.
(relsize)                Using 6.0pt instead on input line 896.


Package relsize Warning: Size requested is too small.
(relsize)                Using 6.0pt instead on input line 896.


Package relsize Warning: Size requested is too small.
(relsize)                Using 6.0pt instead on input line 896.


Package relsize Warning: Size requested is too small.
(relsize)                Using 6.0pt instead on input line 896.


Package relsize Warning: Size requested is too small.
(relsize)                Using 6.0pt instead on input line 896.


Package relsize Warning: Size requested is too small.
(relsize)                Using 6.0pt instead on input line 896.


Package relsize Warning: Size requested is too small.
(relsize)                Using 6.0pt instead on input line 896.


Package relsize Warning: Size requested is too small.
(relsize)                Using 6.0pt instead on input line 896.


Package relsize Warning: Size requested is too small.
(relsize)                Using 6.0pt instead on input line 896.


Package relsize Warning: Size requested is too small.
(relsize)                Using 6.0pt instead on input line 896.


Package relsize Warning: Size requested is too small.
(relsize)                Using 6.0pt instead on input line 896.


Package relsize Warning: Size requested is too small.
(relsize)                Using 6.0pt instead on input line 896.


Package relsize Warning: Size requested is too small.
(relsize)                Using 6.0pt instead on input line 896.


Package relsize Warning: Size requested is too small.
(relsize)                Using 6.0pt instead on input line 896.


Package relsize Warning: Size requested is too small.
(relsize)                Using 6.0pt instead on input line 896.


Package relsize Warning: Size requested is too small.
(relsize)                Using 6.0pt instead on input line 896.


Package relsize Warning: Size requested is too small.
(relsize)                Using 6.0pt instead on input line 896.


Package relsize Warning: Size requested is too small.
(relsize)                Using 6.0pt instead on input line 896.


Package relsize Warning: Size requested is too small.
(relsize)                Using 6.0pt instead on input line 896.


Package relsize Warning: Size requested is too small.
(relsize)                Using 6.0pt instead on input line 896.


Package relsize Warning: Size requested is too small.
(relsize)                Using 6.0pt instead on input line 896.


Package relsize Warning: Size requested is too small.
(relsize)                Using 6.0pt instead on input line 896.


Package relsize Warning: Size requested is too small.
(relsize)                Using 6.0pt instead on input line 896.


Package relsize Warning: Size requested is too small.
(relsize)                Using 6.0pt instead on input line 896.


Package relsize Warning: Size requested is too small.
(relsize)                Using 6.0pt instead on input line 896.


Package relsize Warning: Size requested is too small.
(relsize)                Using 6.0pt instead on input line 896.


Package relsize Warning: Size requested is too small.
(relsize)                Using 6.0pt instead on input line 896.


Package relsize Warning: Size requested is too small.
(relsize)                Using 6.0pt instead on input line 896.


Package relsize Warning: Size requested is too small.
(relsize)                Using 6.0pt instead on input line 896.


Package relsize Warning: Size requested is too small.
(relsize)                Using 6.0pt instead on input line 896.


Package relsize Warning: Size requested is too small.
(relsize)                Using 6.0pt instead on input line 896.


Package relsize Warning: Size requested is too small.
(relsize)                Using 6.0pt instead on input line 896.


Package relsize Warning: Size requested is too small.
(relsize)                Using 6.0pt instead on input line 896.


Package relsize Warning: Size requested is too small.
(relsize)                Using 6.0pt instead on input line 896.


Package relsize Warning: Size requested is too small.
(relsize)                Using 6.0pt instead on input line 896.


Package relsize Warning: Size requested is too small.
(relsize)                Using 6.0pt instead on input line 896.


Package relsize Warning: Size requested is too small.
(relsize)                Using 6.0pt instead on input line 896.


Package relsize Warning: Size requested is too small.
(relsize)                Using 6.0pt instead on input line 896.


Package relsize Warning: Size requested is too small.
(relsize)                Using 6.0pt instead on input line 896.

[28]
Overfull \vbox (26.9954pt too high) has occurred while \output is active []


[29]

Package relsize Warning: Size requested is too small.
(relsize)                Using 6.0pt instead on input line 915.


Package relsize Warning: Size requested is too small.
(relsize)                Using 6.0pt instead on input line 924.


Package relsize Warning: Size requested is too small.
(relsize)                Using 6.0pt instead on input line 924.


Package relsize Warning: Size requested is too small.
(relsize)                Using 6.0pt instead on input line 924.


Package relsize Warning: Size requested is too small.
(relsize)                Using 6.0pt instead on input line 924.


Package relsize Warning: Size requested is too small.
(relsize)                Using 6.0pt instead on input line 924.


Package relsize Warning: Size requested is too small.
(relsize)                Using 6.0pt instead on input line 924.

[30] [31] <Figures/namedpipe.png, id=687, 956.57375pt x 570.13pt>
File: Figures/namedpipe.png Graphic file (type png)

<use Figures/namedpipe.png>
Package pdftex.def Info: Figures/namedpipe.png used on input line 963.
(pdftex.def)             Requested size: 382.62271pt x 228.04796pt.
 [32]

Package relsize Warning: Size requested is too small.
(relsize)                Using 6.0pt instead on input line 975.


Package relsize Warning: Size requested is too small.
(relsize)                Using 6.0pt instead on input line 976.


Package relsize Warning: Size requested is too small.
(relsize)                Using 6.0pt instead on input line 977.


Package relsize Warning: Size requested is too small.
(relsize)                Using 6.0pt instead on input line 978.


Package relsize Warning: Size requested is too small.
(relsize)                Using 6.0pt instead on input line 979.


Package relsize Warning: Size requested is too small.
(relsize)                Using 6.0pt instead on input line 980.

[33 <./Figures/namedpipe.png>]
<Figures/tcp.png, id=708, 415.5525pt x 408.52625pt>
File: Figures/tcp.png Graphic file (type png)
 <use Figures/tcp.png>
Package pdftex.def Info: Figures/tcp.png used on input line 995.
(pdftex.def)             Requested size: 166.21805pt x 163.4076pt.


Package relsize Warning: Size requested is too small.
(relsize)                Using 6.0pt instead on input line 1007.


Package relsize Warning: Size requested is too small.
(relsize)                Using 6.0pt instead on input line 1014.


Package relsize Warning: Size requested is too small.
(relsize)                Using 6.0pt instead on input line 1014.


Package relsize Warning: Size requested is too small.
(relsize)                Using 6.0pt instead on input line 1014.


Package relsize Warning: Size requested is too small.
(relsize)                Using 6.0pt instead on input line 1019.


Package relsize Warning: Size requested is too small.
(relsize)                Using 6.0pt instead on input line 1019.


Package relsize Warning: Size requested is too small.
(relsize)                Using 6.0pt instead on input line 1019.


Package relsize Warning: Size requested is too small.
(relsize)                Using 6.0pt instead on input line 1019.

[34 <./Figures/tcp.png>] <Figures/msmq.png, id=718, 956.57375pt x 499.8675pt>
File: Figures/msmq.png Graphic file (type png)

<use Figures/msmq.png>
Package pdftex.def Info: Figures/msmq.png used on input line 1033.
(pdftex.def)             Requested size: 382.62271pt x 199.94345pt.
 [35]

Package relsize Warning: Size requested is too small.
(relsize)                Using 6.0pt instead on input line 1050.


Package relsize Warning: Size requested is too small.
(relsize)                Using 6.0pt instead on input line 1054.


Package relsize Warning: Size requested is too small.
(relsize)                Using 6.0pt instead on input line 1054.


Package relsize Warning: Size requested is too small.
(relsize)                Using 6.0pt instead on input line 1054.


Package relsize Warning: Size requested is too small.
(relsize)                Using 6.0pt instead on input line 1068.


Package relsize Warning: Size requested is too small.
(relsize)                Using 6.0pt instead on input line 1068.


Package relsize Warning: Size requested is too small.
(relsize)                Using 6.0pt instead on input line 1068.


Package relsize Warning: Size requested is too small.
(relsize)                Using 6.0pt instead on input line 1068.


Package relsize Warning: Size requested is too small.
(relsize)                Using 6.0pt instead on input line 1068.


Package relsize Warning: Size requested is too small.
(relsize)                Using 6.0pt instead on input line 1068.


Package relsize Warning: Size requested is too small.
(relsize)                Using 6.0pt instead on input line 1068.


Package relsize Warning: Size requested is too small.
(relsize)                Using 6.0pt instead on input line 1068.


Package relsize Warning: Size requested is too small.
(relsize)                Using 6.0pt instead on input line 1068.


Package relsize Warning: Size requested is too small.
(relsize)                Using 6.0pt instead on input line 1081.


Package relsize Warning: Size requested is too small.
(relsize)                Using 6.0pt instead on input line 1081.


Package relsize Warning: Size requested is too small.
(relsize)                Using 6.0pt instead on input line 1081.


Package relsize Warning: Size requested is too small.
(relsize)                Using 6.0pt instead on input line 1081.


Package relsize Warning: Size requested is too small.
(relsize)                Using 6.0pt instead on input line 1081.


Package relsize Warning: Size requested is too small.
(relsize)                Using 6.0pt instead on input line 1081.


Package relsize Warning: Size requested is too small.
(relsize)                Using 6.0pt instead on input line 1081.


Package relsize Warning: Size requested is too small.
(relsize)                Using 6.0pt instead on input line 1081.


Package relsize Warning: Size requested is too small.
(relsize)                Using 6.0pt instead on input line 1081.

[36 <./Figures/msmq.png>] <Figures/udp.png, id=741, 956.57375pt x 669.50125pt>
File: Figures/udp.png Graphic file (type png)

<use Figures/udp.png>
Package pdftex.def Info: Figures/udp.png used on input line 1095.
(pdftex.def)             Requested size: 382.62271pt x 267.79576pt.
 [37]

Package relsize Warning: Size requested is too small.
(relsize)                Using 6.0pt instead on input line 1111.


Package relsize Warning: Size requested is too small.
(relsize)                Using 6.0pt instead on input line 1115.


Package relsize Warning: Size requested is too small.
(relsize)                Using 6.0pt instead on input line 1115.


Package relsize Warning: Size requested is too small.
(relsize)                Using 6.0pt instead on input line 1130.


Package relsize Warning: Size requested is too small.
(relsize)                Using 6.0pt instead on input line 1130.


Package relsize Warning: Size requested is too small.
(relsize)                Using 6.0pt instead on input line 1130.


Package relsize Warning: Size requested is too small.
(relsize)                Using 6.0pt instead on input line 1130.


Package relsize Warning: Size requested is too small.
(relsize)                Using 6.0pt instead on input line 1130.


Package relsize Warning: Size requested is too small.
(relsize)                Using 6.0pt instead on input line 1130.


Package relsize Warning: Size requested is too small.
(relsize)                Using 6.0pt instead on input line 1130.


Package relsize Warning: Size requested is too small.
(relsize)                Using 6.0pt instead on input line 1130.


Package relsize Warning: Size requested is too small.
(relsize)                Using 6.0pt instead on input line 1144.


Package relsize Warning: Size requested is too small.
(relsize)                Using 6.0pt instead on input line 1144.


Package relsize Warning: Size requested is too small.
(relsize)                Using 6.0pt instead on input line 1144.


Package relsize Warning: Size requested is too small.
(relsize)                Using 6.0pt instead on input line 1144.


Package relsize Warning: Size requested is too small.
(relsize)                Using 6.0pt instead on input line 1144.


Package relsize Warning: Size requested is too small.
(relsize)                Using 6.0pt instead on input line 1144.


Package relsize Warning: Size requested is too small.
(relsize)                Using 6.0pt instead on input line 1144.


Package relsize Warning: Size requested is too small.
(relsize)                Using 6.0pt instead on input line 1144.


Package relsize Warning: Size requested is too small.
(relsize)                Using 6.0pt instead on input line 1144.

[38 <./Figures/udp.png>] [39]
<Figures/secondlevelmatching.png, id=804, 289.83281pt x 172.39406pt>
File: Figures/secondlevelmatching.png Graphic file (type png)

<use Figures/secondlevelmatching.png>
Package pdftex.def Info: Figures/secondlevelmatching.png used on input line 116
4.
(pdftex.def)             Requested size: 289.83209pt x 172.39363pt.

Overfull \hbox (0.86792pt too wide) in paragraph at lines 1173--1174
|   []   |   []   |   []   |   []   |   []   |   []   |   []   |   []   |   [] 
  |   []   |   []   |   []   |   []   |   []   |   []   |   []
 []

[40 <./Figures/secondlevelmatching.png>]

Package xr Warning: 
No file ../3/chapter_modeling.aux
LABELS NOT IMPORTED.
 on input line 1188.


Package xr Warning: 
No file ../4/chapter_algorithm.aux
LABELS NOT IMPORTED.
 on input line 1189.

[41]
Chapter 5.
[42

] [43] [44] [45] [46] [47]
Overfull \hbox (11.43188pt too wide) in paragraph at lines 1303--1332
 [][] 
 []


Overfull \hbox (17.73198pt too wide) in paragraph at lines 1338--1372
 [][] 
 []

[48]
Overfull \hbox (4.07631pt too wide) in paragraph at lines 1381--1404
 [][] 
 []


Overfull \hbox (10.38828pt too wide) in paragraph at lines 1410--1438
 [][] 
 []

[49]
Overfull \hbox (2.6485pt too wide) in paragraph at lines 1449--1481
 [][] 
 []

[50] <Figures/opendualtracemenu.png, id=875, 411.5375pt x 475.7775pt>
File: Figures/opendualtracemenu.png Graphic file (type png)

<use Figures/opendualtracemenu.png>
Package pdftex.def Info: Figures/opendualtracemenu.png used on input line 1489.

(pdftex.def)             Requested size: 288.07428pt x 333.04196pt.

<Figures/paralleleditor.png, id=876, 867.24pt x 478.03593pt>
File: Figures/paralleleditor.png Graphic file (type png)

<use Figures/paralleleditor.png>
Package pdftex.def Info: Figures/paralleleditor.png used on input line 1495.
(pdftex.def)             Requested size: 520.34802pt x 286.82376pt.
 [51 <./Figures/opendualtracemenu.png>]
Overfull \hbox (6.0107pt too wide) in paragraph at lines 1500--1500
[]\OT1/ptm/b/n/17.28 Implementation of the Com-mu-ni-ca-tion Anal-y-sis Al-go-r
ithms 
 []

<Figures/overviewintwo.png, id=884, 995.72pt x 273.02pt>
File: Figures/overviewintwo.png Graphic file (type png)

<use Figures/overviewintwo.png>
Package pdftex.def Info: Figures/overviewintwo.png used on input line 1504.
(pdftex.def)             Requested size: 467.98846pt x 128.31941pt.
 [52 <./Figures/paralleleditor.png>]
<Figures/trace.png, id=893, 878.53218pt x 245.41687pt>
File: Figures/trace.png Graphic file (type png)
 <use Figures/trace.png>
Package pdftex.def Info: Figures/trace.png used on input line 1516.
(pdftex.def)             Requested size: 483.19418pt x 134.97969pt.

<Figures/executable.png, id=894, 307.90031pt x 237.88875pt>
File: Figures/executable.png Graphic file (type png)

<use Figures/executable.png>
Package pdftex.def Info: Figures/executable.png used on input line 1524.
(pdftex.def)             Requested size: 307.89955pt x 237.88815pt.
 [53 <./Figures/overviewintwo.png> <./Figures/trace.png>] <Figures/dualtracetoo
lmenu.png, id=904, 350.05782pt x 121.20282pt>
File: Figures/dualtracetoolmenu.png Graphic file (type png)

<use Figures/dualtracetoolmenu.png>
Package pdftex.def Info: Figures/dualtracetoolmenu.png used on input line 1532.

(pdftex.def)             Requested size: 350.05695pt x 121.20251pt.
 [54 <./Figures/executable.png>]
<Figures/methods.png, id=910, 404.26031pt x 220.57407pt>
File: Figures/methods.png Graphic file (type png)

<use Figures/methods.png>
Package pdftex.def Info: Figures/methods.png used on input line 1538.
(pdftex.def)             Requested size: 323.40869pt x 176.45947pt.
 [55 <./Figures/dualtracetoolmenu.png> <./Figures/methods.png>] <Figures/idenvi
ew.png, id=916, 569.12625pt x 213.79875pt>
File: Figures/idenview.png Graphic file (type png)

<use Figures/idenview.png>
Package pdftex.def Info: Figures/idenview.png used on input line 1550.
(pdftex.def)             Requested size: 455.30162pt x 171.03922pt.

<Figures/gotoend.png, id=918, 287.57437pt x 54.9553pt>
File: Figures/gotoend.png Graphic file (type png)

<use Figures/gotoend.png>
Package pdftex.def Info: Figures/gotoend.png used on input line 1560.
(pdftex.def)             Requested size: 287.57367pt x 54.95515pt.
 [56 <./Figures/idenview.png>]
Missing character: There is no  in font ptmr7t!
Missing character: There is no  in font ptmr7t!
Missing character: There is no  in font ptmr7t!

<Figures/remove.png, id=925, 721.19438pt x 161.10187pt>
File: Figures/remove.png Graphic file (type png)

<use Figures/remove.png>
Package pdftex.def Info: Figures/remove.png used on input line 1568.
(pdftex.def)             Requested size: 504.83263pt x 112.77052pt.


Package xr Warning: 
No file ../appendix/chapter_app.aux
LABELS NOT IMPORTED.
 on input line 1574.


Package xr Warning: 
No file ../4/chapter_algorithm.aux
LABELS NOT IMPORTED.
 on input line 1575.


Package xr Warning: 
No file ../3/chapter_modeling.aux
LABELS NOT IMPORTED.
 on input line 1576.

[57 <./Figures/gotoend.png> <./Figures/remove.png>]
Chapter 6.

Overfull \hbox (13.32317pt too wide) in paragraph at lines 1591--1592
[]\OT1/ptm/m/n/12 Perform the ``Stream Ex-ac-tion" and ``Com-mu-ni-ca-tion Iden
-ti-fi-ca-tion" op-er-a-tion on the dual[]trace 
 []

[58

] <Figures/exp1.png, id=939, 676.5275pt x 502.87875pt>
File: Figures/exp1.png Graphic file (type png)

<use Figures/exp1.png>
Package pdftex.def Info: Figures/exp1.png used on input line 1604.
(pdftex.def)             Requested size: 405.91962pt x 301.72957pt.
 [59 <./Figures/exp1.png>]
Overfull \hbox (11.43188pt too wide) in paragraph at lines 1615--1644
 [][] 
 []


Overfull \hbox (14.68906pt too wide) in paragraph at lines 1655--1668
 [][] 
 []


Overfull \hbox (14.68906pt too wide) in paragraph at lines 1679--1694
 [][] 
 []

[60] <Figures/result1_streams.png, id=956, 286.06876pt x 192.72pt>
File: Figures/result1_streams.png Graphic file (type png)

<use Figures/result1_streams.png>
Package pdftex.def Info: Figures/result1_streams.png used on input line 1701.
(pdftex.def)             Requested size: 286.06805pt x 192.71951pt.

<Figures/result1_communications.png, id=961, 275.52937pt x 193.47281pt>
File: Figures/result1_communications.png Graphic file (type png)

<use Figures/result1_communications.png>
Package pdftex.def Info: Figures/result1_communications.png used on input line 
1712.
(pdftex.def)             Requested size: 275.52869pt x 193.47234pt.
 [61 <./Figures/result1_streams.png>]

LaTeX Warning: Reference `result1_client_to_server' on page 62 undefined on inp
ut line 1718.


LaTeX Warning: Reference `result1_server_to_client' on page 62 undefined on inp
ut line 1718.

<Figures/result1_client_send.png, id=966, 719.68875pt x 625.58719pt>
File: Figures/result1_client_send.png Graphic file (type png)

<use Figures/result1_client_send.png>
Package pdftex.def Info: Figures/result1_client_send.png used on input line 172
5.
(pdftex.def)             Requested size: 503.77869pt x 437.90805pt.

Overfull \hbox (40.82365pt too wide) in paragraph at lines 1725--1726
[][][] 
 []

<Figures/result1_server_read.png, id=967, 720.44156pt x 604.50844pt>
File: Figures/result1_server_read.png Graphic file (type png)

<use Figures/result1_server_read.png>
Package pdftex.def Info: Figures/result1_server_read.png used on input line 173
6.
(pdftex.def)             Requested size: 504.30565pt x 423.15302pt.

Overfull \hbox (41.35062pt too wide) in paragraph at lines 1736--1737
[][][] 
 []


Overfull \hbox (10.48859pt too wide) in paragraph at lines 1749--1750
[]\OT1/ptm/m/n/12 Figure []6.4[] shows when I dou-ble clicked on the $\OML/cmm/
m/it/12 WriteFile$ \OT1/ptm/m/n/12 func-tion call event of the $\OML/cmm/m/it/1
2 Client:trace$\OT1/ptm/m/n/12 ,
 []

<Figures/result1_server_send.png, id=970, 721.19438pt x 593.96906pt>
File: Figures/result1_server_send.png Graphic file (type png)

<use Figures/result1_server_send.png>
Package pdftex.def Info: Figures/result1_server_send.png used on input line 176
0.
(pdftex.def)             Requested size: 504.83263pt x 415.7755pt.

Overfull \hbox (41.8776pt too wide) in paragraph at lines 1760--1761
[][][] 
 []

<Figures/result1_client_read.png, id=971, 721.19438pt x 559.33969pt>
File: Figures/result1_client_read.png Graphic file (type png)

<use Figures/result1_client_read.png>
Package pdftex.def Info: Figures/result1_client_read.png used on input line 177
1.
(pdftex.def)             Requested size: 504.83263pt x 391.53511pt.

Overfull \hbox (41.8776pt too wide) in paragraph at lines 1771--1772
[][][] 
 []

[62 <./Figures/result1_communications.png>] [63 <./Figures/result1_client_send.
png>] [64 <./Figures/result1_server_read.png>] [65 <./Figures/result1_server_se
nd.png>] [66 <./Figures/result1_client_read.png>]
<Figures/exp2.png, id=999, 949.5475pt x 734.745pt>
File: Figures/exp2.png Graphic file (type png)
 <use Figures/exp2.png>
Package pdftex.def Info: Figures/exp2.png used on input line 1797.
(pdftex.def)             Requested size: 522.25275pt x 404.111pt.

[67]
Overfull \hbox (17.73198pt too wide) in paragraph at lines 1807--1841
 [][] 
 []

[68 <./Figures/exp2.png>]

LaTeX Font Warning: Font shape `U/wasy/b/n' in size <8> not available
(Font)              Font shape `U/wasy/m/n' tried instead on input line 1846.


LaTeX Font Warning: Font shape `U/wasy/b/n' in size <6> not available
(Font)              Font shape `U/wasy/m/n' tried instead on input line 1846.


Overfull \hbox (17.68906pt too wide) in paragraph at lines 1854--1883
 [][] 
 []

[69] <Figures/result21_streams.png, id=1019, 291.33844pt x 329.73187pt>
File: Figures/result21_streams.png Graphic file (type png)

<use Figures/result21_streams.png>
Package pdftex.def Info: Figures/result21_streams.png used on input line 1888.
(pdftex.def)             Requested size: 291.33772pt x 329.73105pt.

Overfull \hbox (17.68906pt too wide) in paragraph at lines 1901--1914
 [][] 
 []

[70 <./Figures/result21_streams.png>]
Overfull \hbox (17.68906pt too wide) in paragraph at lines 1926--1939
 [][] 
 []

<Figures/result22_streams.png, id=1028, 290.58563pt x 330.48468pt>
File: Figures/result22_streams.png Graphic file (type png)

<use Figures/result22_streams.png>
Package pdftex.def Info: Figures/result22_streams.png used on input line 1944.
(pdftex.def)             Requested size: 290.58492pt x 330.48387pt.
 [71]

LaTeX Font Warning: Font shape `U/wasy/b/n' in size <5> not available
(Font)              Font shape `U/wasy/m/n' tried instead on input line 1965.

[72 <./Figures/result22_streams.png>]
<Figures/result21_communications.png, id=1043, 296.60812pt x 184.43906pt>
File: Figures/result21_communications.png Graphic file (type png)

<use Figures/result21_communications.png>
Package pdftex.def Info: Figures/result21_communications.png used on input line
 1986.
(pdftex.def)             Requested size: 296.60739pt x 184.4386pt.


LaTeX Warning: Reference `result21_client_to_server' on page 73 undefined on in
put line 1991.


LaTeX Warning: Reference `result21_server_to_client' on page 73 undefined on in
put line 1991.

<Figures/result21_server_readnull.png, id=1045, 717.43031pt x 600.74437pt>
File: Figures/result21_server_readnull.png Graphic file (type png)

<use Figures/result21_server_readnull.png>
Package pdftex.def Info: Figures/result21_server_readnull.png used on input lin
e 1996.
(pdftex.def)             Requested size: 502.1978pt x 420.51819pt.
 [73 <./Figures/result21_communications.png>]
<Figures/result21_client_send.png, id=1054, 721.19438pt x 610.53094pt>
File: Figures/result21_client_send.png Graphic file (type png)

<use Figures/result21_client_send.png>
Package pdftex.def Info: Figures/result21_client_send.png used on input line 20
09.
(pdftex.def)             Requested size: 504.83263pt x 427.36874pt.

Overfull \hbox (41.8776pt too wide) in paragraph at lines 2009--2010
[][][] 
 []

<Figures/result21_server_read.png, id=1055, 721.19438pt x 603.75563pt>
File: Figures/result21_server_read.png Graphic file (type png)

<use Figures/result21_server_read.png>
Package pdftex.def Info: Figures/result21_server_read.png used on input line 20
20.
(pdftex.def)             Requested size: 504.83263pt x 422.62605pt.

Overfull \hbox (41.8776pt too wide) in paragraph at lines 2020--2021
[][][] 
 []

[74 <./Figures/result21_server_readnull.png>] [75 <./Figures/result21_client_se
nd.png>] [76 <./Figures/result21_server_read.png>]
<Figures/result21_server_send.png, id=1072, 718.18312pt x 629.35126pt>
File: Figures/result21_server_send.png Graphic file (type png)

<use Figures/result21_server_send.png>
Package pdftex.def Info: Figures/result21_server_send.png used on input line 20
44.
(pdftex.def)             Requested size: 502.72476pt x 440.54288pt.

Overfull \hbox (39.76973pt too wide) in paragraph at lines 2044--2045
[][][] 
 []

<Figures/result21_client_read.png, id=1073, 720.44156pt x 618.81187pt>
File: Figures/result21_client_read.png Graphic file (type png)

<use Figures/result21_client_read.png>
Package pdftex.def Info: Figures/result21_client_read.png used on input line 20
55.
(pdftex.def)             Requested size: 504.30565pt x 433.16536pt.

Overfull \hbox (41.35062pt too wide) in paragraph at lines 2055--2056
[][][] 
 []


Overfull \hbox (1.31935pt too wide) in paragraph at lines 2068--2069
[]\OT1/ptm/m/n/12 Figure []6.15[] shows when I dou-ble clicked on the $\OML/cmm
/m/it/12 WriteFile$ \OT1/ptm/m/n/12 func-tion call event of $\OML/cmm/m/it/12 S
erver:trace$\OT1/ptm/m/n/12 ,
 []

[77] [78 <./Figures/result21_server_send.png>] [79 <./Figures/result21_client_r
ead.png>]
<Figures/result22_communications.png, id=1091, 259.7203pt x 182.18062pt>
File: Figures/result22_communications.png Graphic file (type png)

<use Figures/result22_communications.png>
Package pdftex.def Info: Figures/result22_communications.png used on input line
 2113.
(pdftex.def)             Requested size: 259.71967pt x 182.18016pt.


LaTeX Warning: Reference `result22_client_to_server' on page 80 undefined on in
put line 2118.


LaTeX Warning: Reference `result22_server_to_client' on page 80 undefined on in
put line 2118.

<Figures/result22_server_readnull.png, id=1093, 719.68875pt x 602.25pt>
File: Figures/result22_server_readnull.png Graphic file (type png)

<use Figures/result22_server_readnull.png>
Package pdftex.def Info: Figures/result22_server_readnull.png used on input lin
e 2123.
(pdftex.def)             Requested size: 503.77869pt x 421.57211pt.
 [80 <./Figures/result22_communications.png>]
<Figures/result22_client_send.png, id=1101, 723.45282pt x 621.82312pt>
File: Figures/result22_client_send.png Graphic file (type png)

<use Figures/result22_client_send.png>
Package pdftex.def Info: Figures/result22_client_send.png used on input line 21
35.
(pdftex.def)             Requested size: 506.41353pt x 435.27321pt.

Overfull \hbox (43.4585pt too wide) in paragraph at lines 2135--2136
[][][] 
 []

<Figures/result22_server_read.png, id=1102, 718.18312pt x 626.34pt>
File: Figures/result22_server_read.png Graphic file (type png)

<use Figures/result22_server_read.png>
Package pdftex.def Info: Figures/result22_server_read.png used on input line 21
46.
(pdftex.def)             Requested size: 502.72476pt x 438.435pt.

Overfull \hbox (39.76973pt too wide) in paragraph at lines 2146--2147
[][][] 
 []

[81 <./Figures/result22_server_readnull.png>] [82 <./Figures/result22_client_se
nd.png>] [83 <./Figures/result22_server_read.png>]
<Figures/result22_server_send.png, id=1117, 718.18312pt x 621.07031pt>
File: Figures/result22_server_send.png Graphic file (type png)

<use Figures/result22_server_send.png>
Package pdftex.def Info: Figures/result22_server_send.png used on input line 21
72.
(pdftex.def)             Requested size: 502.72476pt x 434.74625pt.

Overfull \hbox (39.76973pt too wide) in paragraph at lines 2172--2173
[][][] 
 []

<Figures/result22_client_read.png, id=1118, 721.19438pt x 621.07031pt>
File: Figures/result22_client_read.png Graphic file (type png)

<use Figures/result22_client_read.png>
Package pdftex.def Info: Figures/result22_client_read.png used on input line 21
83.
(pdftex.def)             Requested size: 504.83263pt x 434.74625pt.

Overfull \hbox (41.8776pt too wide) in paragraph at lines 2183--2184
[][][] 
 []


Overfull \hbox (18.26318pt too wide) in paragraph at lines 2196--2197
[]\OT1/ptm/m/n/12 Figure []6.21[] shows when I dou-ble clicked on the $\OML/cmm
/m/it/12 WriteFile$ \OT1/ptm/m/n/12 func-tion call event of the $\OML/cmm/m/it/
12 Server:trace$\OT1/ptm/m/n/12 ,
 []

[84] [85 <./Figures/result22_server_send.png>] [86 <./Figures/result22_client_r
ead.png>]
Chapter 7.
[87

] [88] [89]
Missing character: There is no  in font ptmr7t!
Missing character: There is no  in font ptmr7t!
Missing character: There is no  in font ptmr7t!
Missing character: There is no  in font ptmr7t!
 [90

]
Underfull \hbox (badness 1776) in paragraph at lines 2345--2349
[]\OT1/ptm/m/n/12 MSDN.  Named pipes (win-dows).  []$\OT1/pcr/m/n/12 https : / 
/ msdn . microsoft . com / en-[]us /
 []

[91]
Appendix A.
[92

]
Appendix B.
(sourcecode/communicationMethods.json [93

] [94]) [95]
Appendix C.
[96

] [97] [98] [99]
Appendix D.
(sourcecode/experiment1/NamedPipeServer.cpp [100

] [101] [102])
(sourcecode/experiment1/NamedPipeClient.cpp [103] [104])
(sourcecode/experiment2/NamedPipeServerOverlapped.cpp [105] [106] [107]
[108] [109] [110]) (sourcecode/experiment2/test.bat)
Package atveryend Info: Empty hook `BeforeClearDocument' on input line 2598.
 [111]
Package atveryend Info: Empty hook `AfterLastShipout' on input line 2598.
 (diff.aux)
Package atveryend Info: Executing hook `AtVeryEndDocument' on input line 2598.
Package atveryend Info: Empty hook `AtEndAfterFileList' on input line 2598.


LaTeX Warning: There were undefined references.

Package atveryend Info: Empty hook `AtVeryVeryEnd' on input line 2598.
 ) 
Here is how much of TeX's memory you used:
 14257 strings out of 493335
 212613 string characters out of 3139261
 515866 words of memory out of 3000000
 16128 multiletter control sequences out of 15000+200000
 36539 words of font info for 91 fonts, out of 3000000 for 9000
 1141 hyphenation exceptions out of 8191
 40i,24n,60p,1903b,1807s stack positions out of 5000i,500n,10000p,200000b,50000s
{C:/Program Files/MiKTeX 2.9/fonts/enc/dvips/fontname/8r.enc}<C:/Program File
s/MiKTeX 2.9/fonts/type1/public/amsfonts/cm/cmbx12.pfb><C:/Program Files/MiKTeX
 2.9/fonts/type1/public/amsfonts/cm/cmbx6.pfb><C:/Program Files/MiKTeX 2.9/font
s/type1/public/amsfonts/cm/cmmi12.pfb><C:/Program Files/MiKTeX 2.9/fonts/type1/
public/amsfonts/cm/cmmi6.pfb><C:/Program Files/MiKTeX 2.9/fonts/type1/public/am
sfonts/cm/cmmi8.pfb><C:/Program Files/MiKTeX 2.9/fonts/type1/public/amsfonts/cm
/cmmib10.pfb><C:/Program Files/MiKTeX 2.9/fonts/type1/public/amsfonts/cmextra/c
mmib6.pfb><C:/Program Files/MiKTeX 2.9/fonts/type1/public/amsfonts/cm/cmr12.pfb
><C:/Program Files/MiKTeX 2.9/fonts/type1/public/amsfonts/cm/cmr6.pfb><C:/Progr
am Files/MiKTeX 2.9/fonts/type1/public/amsfonts/cm/cmr8.pfb><C:/Program Files/M
iKTeX 2.9/fonts/type1/public/amsfonts/cm/cmsy10.pfb><C:/Program Files/MiKTeX 2.
9/fonts/type1/public/amsfonts/cm/cmsy6.pfb><C:/Program Files/MiKTeX 2.9/fonts/t
ype1/public/amsfonts/cm/cmsy8.pfb><C:/Program Files/MiKTeX 2.9/fonts/type1/publ
ic/amsfonts/latxfont/lasy6.pfb><C:/Program Files/MiKTeX 2.9/fonts/type1/urw/cou
rier/ucrb8a.pfb><C:/Program Files/MiKTeX 2.9/fonts/type1/urw/courier/ucrr8a.pfb
><C:/Program Files/MiKTeX 2.9/fonts/type1/urw/courier/ucrro8a.pfb><C:/Program F
iles/MiKTeX 2.9/fonts/type1/urw/times/utmb8a.pfb><C:/Program Files/MiKTeX 2.9/f
onts/type1/urw/times/utmr8a.pfb><C:/Program Files/MiKTeX 2.9/fonts/type1/urw/ti
mes/utmri8a.pfb>
Output written on diff.pdf (122 pages, 2095027 bytes).
PDF statistics:
 2411 PDF objects out of 2487 (max. 8388607)
 1315 named destinations out of 1440 (max. 500000)
 226 words of extra memory for PDF output out of 10000 (max. 10000000)

